Log file open, 05/20/22 19:06:14
LogWindows: Failed to load 'aqProf.dll' (GetLastError=126)
LogWindows: File 'aqProf.dll' does not exist
LogWindows: Failed to load 'VtuneApi.dll' (GetLastError=126)
LogWindows: File 'VtuneApi.dll' does not exist
LogWindows: Failed to load 'VtuneApi32e.dll' (GetLastError=126)
LogWindows: File 'VtuneApi32e.dll' does not exist
LogConsoleResponse: Display: Failed to find resolution value strings in scalability ini. Falling back to default.
LogConsoleResponse: Display: Failed to find resolution value strings in scalability ini. Falling back to default.
LogInit: Display: Running engine for game: CrossyRoadProject
LogPlatformFile: Not using cached read wrapper
LogTaskGraph: Started task graph with 5 named threads and 47 total threads with 3 sets of task threads.
LogStats: Stats thread started at 0.187862
LogICUInternationalization: ICU TimeZone Detection - Raw Offset: -8:00, Platform Override: ''
LogInit: Display: Loading text-based GConfig....
LogPluginManager: Mounting plugin MeshPainting
LogPluginManager: Mounting plugin XGEController
LogPluginManager: Mounting plugin Paper2D
LogPluginManager: Mounting plugin AISupport
LogPluginManager: Mounting plugin EnvironmentQueryEditor
LogPluginManager: Mounting plugin LiveLink
LogPluginManager: Mounting plugin LightPropagationVolume
LogPluginManager: Mounting plugin OodleNetwork
LogPluginManager: Mounting plugin CodeLiteSourceCodeAccess
LogPluginManager: Mounting plugin AnimationSharing
LogPluginManager: Mounting plugin OodleData
LogPluginManager: Mounting plugin GitSourceControl
LogPluginManager: Mounting plugin CLionSourceCodeAccess
LogPluginManager: Mounting plugin KDevelopSourceCodeAccess
LogPluginManager: Mounting plugin PerforceSourceControl
LogPluginManager: Mounting plugin NullSourceCodeAccess
LogPluginManager: Mounting plugin PixWinPlugin
LogPluginManager: Mounting plugin PlasticSourceControl
LogPluginManager: Mounting plugin PluginUtils
LogPluginManager: Mounting plugin PropertyAccessNode
LogPluginManager: Mounting plugin RiderSourceCodeAccess
LogPluginManager: Mounting plugin TextureFormatOodle
LogPluginManager: Mounting plugin SubversionSourceControl
LogPluginManager: Mounting plugin UObjectPlugin
LogPluginManager: Mounting plugin AssetManagerEditor
LogPluginManager: Mounting plugin VisualStudioSourceCodeAccess
LogPluginManager: Mounting plugin VisualStudioCodeSourceCodeAccess
LogPluginManager: Mounting plugin XCodeSourceCodeAccess
LogPluginManager: Mounting plugin DatasmithContent
LogPluginManager: Mounting plugin CryptoKeys
LogPluginManager: Mounting plugin CurveEditorTools
LogPluginManager: Mounting plugin DataValidation
LogPluginManager: Mounting plugin FacialAnimation
LogPluginManager: Mounting plugin VariantManagerContent
LogPluginManager: Mounting plugin GameplayTagsEditor
LogPluginManager: Mounting plugin AlembicImporter
LogPluginManager: Mounting plugin GeometryMode
LogPluginManager: Mounting plugin MacGraphicsSwitching
LogPluginManager: Mounting plugin MaterialAnalyzer
LogPluginManager: Mounting plugin AutomationUtils
LogPluginManager: Mounting plugin ChaosCloth
LogPluginManager: Mounting plugin PluginBrowser
LogPluginManager: Mounting plugin MobileLauncherProfileWizard
LogPluginManager: Mounting plugin BackChannel
LogPluginManager: Mounting plugin ChaosClothEditor
LogPluginManager: Mounting plugin ChaosEditor
LogPluginManager: Mounting plugin SpeedTreeImporter
LogPluginManager: Mounting plugin Niagara
LogPluginManager: Mounting plugin CharacterAI
LogPluginManager: Mounting plugin ChaosSolverPlugin
LogPluginManager: Mounting plugin ChaosNiagara
LogPluginManager: Mounting plugin GeometryCache
LogPluginManager: Mounting plugin GeometryCollectionPlugin
LogPluginManager: Mounting plugin GeometryProcessing
LogPluginManager: Mounting plugin MotoSynth
LogPluginManager: Mounting plugin OpenImageDenoise
LogPluginManager: Mounting plugin PythonScriptPlugin
LogPluginManager: Mounting plugin PlatformCrypto
LogPluginManager: Mounting plugin PlanarCut
LogPluginManager: Mounting plugin ProxyLODPlugin
LogPluginManager: Mounting plugin LuminPlatformFeatures
LogPluginManager: Mounting plugin MagicLeap
LogPluginManager: Mounting plugin MagicLeapMedia
LogPluginManager: Mounting plugin MagicLeapLightEstimation
LogPluginManager: Mounting plugin MagicLeapPassableWorld
LogPluginManager: Mounting plugin MLSDK
LogPluginManager: Mounting plugin AndroidMedia
LogPluginManager: Mounting plugin AvfMedia
LogPluginManager: Mounting plugin SkeletalReduction
LogPluginManager: Mounting plugin ImgMedia
LogPluginManager: Mounting plugin MediaCompositing
LogPluginManager: Mounting plugin MediaPlayerEditor
LogPluginManager: Mounting plugin WmfMedia
LogPluginManager: Mounting plugin WebMMedia
LogPluginManager: Mounting plugin ActorSequence
LogPluginManager: Mounting plugin LevelSequenceEditor
LogPluginManager: Mounting plugin MatineeToLevelSequence
LogPluginManager: Mounting plugin TemplateSequence
LogPluginManager: Mounting plugin UdpMessaging
LogPluginManager: Mounting plugin TcpMessaging
LogPluginManager: Mounting plugin OnlineSubsystem
LogPluginManager: Mounting plugin OnlineSubsystemNull
LogPluginManager: Mounting plugin OnlineSubsystemUtils
LogPluginManager: Mounting plugin LauncherChunkInstaller
LogPluginManager: Mounting plugin ActorLayerUtilities
LogPluginManager: Mounting plugin ScreenshotTools
LogPluginManager: Mounting plugin AndroidDeviceProfileSelector
LogPluginManager: Mounting plugin AndroidMoviePlayer
LogPluginManager: Mounting plugin AndroidPermission
LogPluginManager: Mounting plugin AppleImageUtils
LogPluginManager: Mounting plugin AppleMoviePlayer
LogPluginManager: Mounting plugin AssetTags
LogPluginManager: Mounting plugin AudioCapture
LogPluginManager: Mounting plugin AudioSynesthesia
LogPluginManager: Mounting plugin CableComponent
LogPluginManager: Mounting plugin ArchVisCharacter
LogPluginManager: Mounting plugin CustomMeshComponent
LogPluginManager: Mounting plugin EditableMesh
LogPluginManager: Mounting plugin ExampleDeviceProfileSelector
LogPluginManager: Mounting plugin ChunkDownloader
LogPluginManager: Mounting plugin Takes
LogPluginManager: Mounting plugin GoogleCloudMessaging
LogPluginManager: Mounting plugin GooglePAD
LogPluginManager: Mounting plugin IOSDeviceProfileSelector
LogPluginManager: Mounting plugin LinuxDeviceProfileSelector
LogPluginManager: Mounting plugin LocationServicesBPLibrary
LogPluginManager: Mounting plugin MobilePatchingUtils
LogPluginManager: Mounting plugin OpenXR
LogPluginManager: Mounting plugin OpenXREyeTracker
LogPluginManager: Mounting plugin OpenXRHandTracking
LogPluginManager: Mounting plugin PhysXVehicles
LogPluginManager: Mounting plugin PostSplashScreen
LogPluginManager: Mounting plugin PropertyAccessEditor
LogPluginManager: Mounting plugin ProceduralMeshComponent
LogPluginManager: Mounting plugin SignificanceManager
LogPluginManager: Mounting plugin SoundFields
LogPluginManager: Mounting plugin RuntimePhysXCooking
LogPluginManager: Mounting plugin Synthesis
LogPluginManager: Mounting plugin WebMMoviePlayer
LogPluginManager: Mounting plugin WindowsMoviePlayer
LogPluginManager: Mounting plugin CameraShakePreviewer
LogPluginManager: Mounting plugin GameplayCameras
LogPluginManager: Mounting plugin ContentBrowserAssetDataSource
LogPluginManager: Mounting plugin ContentBrowserClassDataSource
LogPluginManager: Mounting plugin ContentBrowserFileDataSource
LogPluginManager: Mounting plugin OnlineSubsystemGooglePlay
LogPluginManager: Mounting plugin OnlineSubsystemIOS
LogPluginManager: Mounting plugin OculusVR
LogPluginManager: Mounting plugin SteamVR
PixWinPlugin: PIX capture plugin failed to initialize! Check that the process is launched from PIX.
LogInit: Using libcurl 7.55.1-DEV
LogInit:  - built for x86_64-pc-win32
LogInit:  - supports SSL with OpenSSL/1.1.1
LogInit:  - supports HTTP deflate (compression) using libz 1.2.8
LogInit:  - other features:
LogInit:      CURL_VERSION_SSL
LogInit:      CURL_VERSION_LIBZ
LogInit:      CURL_VERSION_IPV6
LogInit:      CURL_VERSION_ASYNCHDNS
LogInit:      CURL_VERSION_LARGEFILE
LogInit:      CURL_VERSION_IDN
LogInit:  CurlRequestOptions (configurable via config and command line):
LogInit:  - bVerifyPeer = true  - Libcurl will verify peer certificate
LogInit:  - bUseHttpProxy = false  - Libcurl will NOT use HTTP proxy
LogInit:  - bDontReuseConnections = false  - Libcurl will reuse connections
LogInit:  - MaxHostConnections = 16  - Libcurl will limit the number of connections to a host
LogInit:  - LocalHostAddr = Default
LogInit:  - BufferSize = 65536
LogOnline: OSS: Creating online subsystem instance for: NULL
LogInit: WinSock: version 1.1 (2.2), MaxSocks=32767, MaxUdp=65467
LogOnline: OSS: TryLoadSubsystemAndSetDefault: Loaded subsystem for module [NULL]
LogOculusPluginWrapper: OculusPlugin initialized successfully
LogHMD: Failed initializing OVRPlugin 1.59.0
LogInit: Build: ++UE4+Release-4.27-CL-18319896
LogInit: Engine Version: 4.27.2-18319896+++UE4+Release-4.27
LogInit: Compatible Engine Version: 4.27.0-17155196+++UE4+Release-4.27
LogInit: Net CL: 17155196
LogInit: OS: Windows 10 (Release 2009) (), CPU: AMD Ryzen 7 5800X 8-Core Processor             , GPU: NVIDIA GeForce RTX 3080
LogInit: Compiled (64-bit): Nov 30 2021 07:12:08
LogInit: Compiled with Visual C++: 19.24.28315.00
LogInit: Build Configuration: Development
LogInit: Branch Name: ++UE4+Release-4.27
LogInit: Command Line: 
LogInit: Base Directory: C:/Program Files/Epic Games/UE_4.27/Engine/Binaries/Win64/
LogInit: Allocator: TBB
LogInit: Installed Engine Build: 1
LogDevObjectVersion: Number of dev versions registered: 29
LogDevObjectVersion:   Dev-Blueprints (B0D832E4-1F89-4F0D-ACCF-7EB736FD4AA2): 10
LogDevObjectVersion:   Dev-Build (E1C64328-A22C-4D53-A36C-8E866417BD8C): 0
LogDevObjectVersion:   Dev-Core (375EC13C-06E4-48FB-B500-84F0262A717E): 4
LogDevObjectVersion:   Dev-Editor (E4B068ED-F494-42E9-A231-DA0B2E46BB41): 40
LogDevObjectVersion:   Dev-Framework (CFFC743F-43B0-4480-9391-14DF171D2073): 37
LogDevObjectVersion:   Dev-Mobile (B02B49B5-BB20-44E9-A304-32B752E40360): 3
LogDevObjectVersion:   Dev-Networking (A4E4105C-59A1-49B5-A7C5-40C4547EDFEE): 0
LogDevObjectVersion:   Dev-Online (39C831C9-5AE6-47DC-9A44-9C173E1C8E7C): 0
LogDevObjectVersion:   Dev-Physics (78F01B33-EBEA-4F98-B9B4-84EACCB95AA2): 14
LogDevObjectVersion:   Dev-Platform (6631380F-2D4D-43E0-8009-CF276956A95A): 0
LogDevObjectVersion:   Dev-Rendering (12F88B9F-8875-4AFC-A67C-D90C383ABD29): 45
LogDevObjectVersion:   Dev-Sequencer (7B5AE74C-D270-4C10-A958-57980B212A5A): 13
LogDevObjectVersion:   Dev-VR (D7296918-1DD6-4BDD-9DE2-64A83CC13884): 3
LogDevObjectVersion:   Dev-LoadTimes (C2A15278-BFE7-4AFE-6C17-90FF531DF755): 1
LogDevObjectVersion:   Private-Geometry (6EACA3D4-40EC-4CC1-B786-8BED09428FC5): 3
LogDevObjectVersion:   Dev-AnimPhys (29E575DD-E0A3-4627-9D10-D276232CDCEA): 17
LogDevObjectVersion:   Dev-Anim (AF43A65D-7FD3-4947-9873-3E8ED9C1BB05): 15
LogDevObjectVersion:   Dev-ReflectionCapture (6B266CEC-1EC7-4B8F-A30B-E4D90942FC07): 1
LogDevObjectVersion:   Dev-Automation (0DF73D61-A23F-47EA-B727-89E90C41499A): 1
LogDevObjectVersion:   FortniteMain (601D1886-AC64-4F84-AA16-D3DE0DEAC7D6): 47
LogDevObjectVersion:   FortniteRelease (E7086368-6B23-4C58-8439-1B7016265E91): 1
LogDevObjectVersion:   Dev-Enterprise (9DFFBCD6-494F-0158-E221-12823C92A888): 10
LogDevObjectVersion:   Dev-Niagara (F2AED0AC-9AFE-416F-8664-AA7FFA26D6FC): 1
LogDevObjectVersion:   Dev-Destruction (174F1F0B-B4C6-45A5-B13F-2EE8D0FB917D): 10
LogDevObjectVersion:   Dev-Physics-Ext (35F94A83-E258-406C-A318-09F59610247C): 41
LogDevObjectVersion:   Dev-PhysicsMaterial-Chaos (B68FC16E-8B1B-42E2-B453-215C058844FE): 1
LogDevObjectVersion:   Dev-CineCamera (B2E18506-4273-CFC2-A54E-F4BB758BBA07): 1
LogDevObjectVersion:   Dev-VirtualProduction (64F58936-FD1B-42BA-BA96-7289D5D0FA4E): 1
LogDevObjectVersion:   Dev-MediaFramework (6F0ED827-A609-4895-9C91-998D90180EA4): 2
LogInit: Presizing for max 25165824 objects, including 0 objects not considered by GC, pre-allocating 0 bytes for permanent pool.
LogConfig: Applying CVar settings from Section [/Script/Engine.StreamingSettings] File [C:/Users/tommy/OneDrive/Desktop/CPSC386CrossyRoadProject/Saved/Config/Windows/Engine.ini]
LogConfig: Setting CVar [[s.MinBulkDataSizeForAsyncLoading:131072]]
LogConfig: Setting CVar [[s.AsyncLoadingThreadEnabled:0]]
LogConfig: Setting CVar [[s.EventDrivenLoaderEnabled:1]]
LogConfig: Setting CVar [[s.WarnIfTimeLimitExceeded:0]]
LogConfig: Setting CVar [[s.TimeLimitExceededMultiplier:1.5]]
LogConfig: Setting CVar [[s.TimeLimitExceededMinTime:0.005]]
LogConfig: Setting CVar [[s.UseBackgroundLevelStreaming:1]]
LogConfig: Setting CVar [[s.PriorityAsyncLoadingExtraTime:15.0]]
LogConfig: Setting CVar [[s.LevelStreamingActorsUpdateTimeLimit:5.0]]
LogConfig: Setting CVar [[s.PriorityLevelStreamingActorsUpdateExtraTime:5.0]]
LogConfig: Setting CVar [[s.LevelStreamingComponentsRegistrationGranularity:10]]
LogConfig: Setting CVar [[s.UnregisterComponentsTimeLimit:1.0]]
LogConfig: Setting CVar [[s.LevelStreamingComponentsUnregistrationGranularity:5]]
LogConfig: Setting CVar [[s.FlushStreamingOnExit:1]]
LogInit: Object subsystem initialized
LogConfig: Setting CVar [[con.DebugEarlyDefault:1]]
LogConfig: Setting CVar [[r.setres:1280x720]]
[2022.05.21-02.06.15:717][  0]LogConfig: Setting CVar [[r.VSync:0]]
[2022.05.21-02.06.15:717][  0]LogConfig: Setting CVar [[r.RHICmdBypass:0]]
[2022.05.21-02.06.15:717][  0]LogConfig: Applying CVar settings from Section [/Script/Engine.RendererSettings] File [C:/Users/tommy/OneDrive/Desktop/CPSC386CrossyRoadProject/Saved/Config/Windows/Engine.ini]
[2022.05.21-02.06.15:717][  0]LogConfig: Setting CVar [[r.GPUCrashDebugging:0]]
[2022.05.21-02.06.15:717][  0]LogConfig: Applying CVar settings from Section [/Script/Engine.RendererOverrideSettings] File [C:/Users/tommy/OneDrive/Desktop/CPSC386CrossyRoadProject/Saved/Config/Windows/Engine.ini]
[2022.05.21-02.06.15:717][  0]LogConfig: Applying CVar settings from Section [/Script/Engine.StreamingSettings] File [C:/Users/tommy/OneDrive/Desktop/CPSC386CrossyRoadProject/Saved/Config/Windows/Engine.ini]
[2022.05.21-02.06.15:717][  0]LogConfig: Setting CVar [[s.MinBulkDataSizeForAsyncLoading:131072]]
[2022.05.21-02.06.15:717][  0]LogConfig: Setting CVar [[s.AsyncLoadingThreadEnabled:0]]
[2022.05.21-02.06.15:717][  0]LogConfig: Setting CVar [[s.EventDrivenLoaderEnabled:1]]
[2022.05.21-02.06.15:717][  0]LogConfig: Setting CVar [[s.WarnIfTimeLimitExceeded:0]]
[2022.05.21-02.06.15:717][  0]LogConfig: Setting CVar [[s.TimeLimitExceededMultiplier:1.5]]
[2022.05.21-02.06.15:717][  0]LogConfig: Setting CVar [[s.TimeLimitExceededMinTime:0.005]]
[2022.05.21-02.06.15:717][  0]LogConfig: Setting CVar [[s.UseBackgroundLevelStreaming:1]]
[2022.05.21-02.06.15:717][  0]LogConfig: Setting CVar [[s.PriorityAsyncLoadingExtraTime:15.0]]
[2022.05.21-02.06.15:717][  0]LogConfig: Setting CVar [[s.LevelStreamingActorsUpdateTimeLimit:5.0]]
[2022.05.21-02.06.15:717][  0]LogConfig: Setting CVar [[s.PriorityLevelStreamingActorsUpdateExtraTime:5.0]]
[2022.05.21-02.06.15:717][  0]LogConfig: Setting CVar [[s.LevelStreamingComponentsRegistrationGranularity:10]]
[2022.05.21-02.06.15:717][  0]LogConfig: Setting CVar [[s.UnregisterComponentsTimeLimit:1.0]]
[2022.05.21-02.06.15:717][  0]LogConfig: Setting CVar [[s.LevelStreamingComponentsUnregistrationGranularity:5]]
[2022.05.21-02.06.15:717][  0]LogConfig: Setting CVar [[s.FlushStreamingOnExit:1]]
[2022.05.21-02.06.15:717][  0]LogConfig: Applying CVar settings from Section [/Script/Engine.GarbageCollectionSettings] File [C:/Users/tommy/OneDrive/Desktop/CPSC386CrossyRoadProject/Saved/Config/Windows/Engine.ini]
[2022.05.21-02.06.15:717][  0]LogConfig: Setting CVar [[gc.MaxObjectsNotConsideredByGC:1]]
[2022.05.21-02.06.15:717][  0]LogConfig: Setting CVar [[gc.SizeOfPermanentObjectPool:0]]
[2022.05.21-02.06.15:717][  0]LogConfig: Setting CVar [[gc.FlushStreamingOnGC:0]]
[2022.05.21-02.06.15:717][  0]LogConfig: Setting CVar [[gc.NumRetriesBeforeForcingGC:10]]
[2022.05.21-02.06.15:717][  0]LogConfig: Setting CVar [[gc.AllowParallelGC:1]]
[2022.05.21-02.06.15:717][  0]LogConfig: Setting CVar [[gc.TimeBetweenPurgingPendingKillObjects:61.1]]
[2022.05.21-02.06.15:717][  0]LogConfig: Setting CVar [[gc.MaxObjectsInEditor:25165824]]
[2022.05.21-02.06.15:717][  0]LogConfig: Setting CVar [[gc.IncrementalBeginDestroyEnabled:1]]
[2022.05.21-02.06.15:717][  0]LogConfig: Setting CVar [[gc.CreateGCClusters:1]]
[2022.05.21-02.06.15:717][  0]LogConfig: Setting CVar [[gc.MinGCClusterSize:5]]
[2022.05.21-02.06.15:717][  0]LogConfig: Setting CVar [[gc.ActorClusteringEnabled:0]]
[2022.05.21-02.06.15:717][  0]LogConfig: Setting CVar [[gc.BlueprintClusteringEnabled:0]]
[2022.05.21-02.06.15:717][  0]LogConfig: Setting CVar [[gc.UseDisregardForGCOnDedicatedServers:0]]
[2022.05.21-02.06.15:717][  0]LogConfig: Setting CVar [[gc.MultithreadedDestructionEnabled:1]]
[2022.05.21-02.06.15:717][  0]LogConfig: Applying CVar settings from Section [/Script/Engine.NetworkSettings] File [C:/Users/tommy/OneDrive/Desktop/CPSC386CrossyRoadProject/Saved/Config/Windows/Engine.ini]
[2022.05.21-02.06.15:717][  0]LogConfig: Applying CVar settings from Section [/Script/UnrealEd.CookerSettings] File [C:/Users/tommy/OneDrive/Desktop/CPSC386CrossyRoadProject/Saved/Config/Windows/Engine.ini]
[2022.05.21-02.06.15:739][  0]LogConfig: Applying CVar settings from Section [ViewDistanceQuality@3] File [C:/Users/tommy/OneDrive/Desktop/CPSC386CrossyRoadProject/Saved/Config/Windows/Scalability.ini]
[2022.05.21-02.06.15:739][  0]LogConfig: Setting CVar [[r.SkeletalMeshLODBias:0]]
[2022.05.21-02.06.15:739][  0]LogConfig: Setting CVar [[r.ViewDistanceScale:1.0]]
[2022.05.21-02.06.15:739][  0]LogConfig: Applying CVar settings from Section [AntiAliasingQuality@3] File [C:/Users/tommy/OneDrive/Desktop/CPSC386CrossyRoadProject/Saved/Config/Windows/Scalability.ini]
[2022.05.21-02.06.15:739][  0]LogConfig: Setting CVar [[r.PostProcessAAQuality:4]]
[2022.05.21-02.06.15:739][  0]LogConfig: Applying CVar settings from Section [ShadowQuality@3] File [C:/Users/tommy/OneDrive/Desktop/CPSC386CrossyRoadProject/Saved/Config/Windows/Scalability.ini]
[2022.05.21-02.06.15:739][  0]LogConfig: Setting CVar [[r.LightFunctionQuality:1]]
[2022.05.21-02.06.15:739][  0]LogConfig: Setting CVar [[r.ShadowQuality:5]]
[2022.05.21-02.06.15:739][  0]LogConfig: Setting CVar [[r.Shadow.CSM.MaxCascades:10]]
[2022.05.21-02.06.15:739][  0]LogConfig: Setting CVar [[r.Shadow.MaxResolution:2048]]
[2022.05.21-02.06.15:739][  0]LogConfig: Setting CVar [[r.Shadow.MaxCSMResolution:2048]]
[2022.05.21-02.06.15:739][  0]LogConfig: Setting CVar [[r.Shadow.RadiusThreshold:0.01]]
[2022.05.21-02.06.15:739][  0]LogConfig: Setting CVar [[r.Shadow.DistanceScale:1.0]]
[2022.05.21-02.06.15:739][  0]LogConfig: Setting CVar [[r.Shadow.CSM.TransitionScale:1.0]]
[2022.05.21-02.06.15:739][  0]LogConfig: Setting CVar [[r.Shadow.PreShadowResolutionFactor:1.0]]
[2022.05.21-02.06.15:739][  0]LogConfig: Setting CVar [[r.DistanceFieldShadowing:1]]
[2022.05.21-02.06.15:739][  0]LogConfig: Setting CVar [[r.DistanceFieldAO:1]]
[2022.05.21-02.06.15:739][  0]LogConfig: Setting CVar [[r.AOQuality:2]]
[2022.05.21-02.06.15:739][  0]LogConfig: Setting CVar [[r.VolumetricFog:1]]
[2022.05.21-02.06.15:739][  0]LogConfig: Setting CVar [[r.VolumetricFog.GridPixelSize:8]]
[2022.05.21-02.06.15:739][  0]LogConfig: Setting CVar [[r.VolumetricFog.GridSizeZ:128]]
[2022.05.21-02.06.15:739][  0]LogConfig: Setting CVar [[r.VolumetricFog.HistoryMissSupersampleCount:4]]
[2022.05.21-02.06.15:739][  0]LogConfig: Setting CVar [[r.LightMaxDrawDistanceScale:1]]
[2022.05.21-02.06.15:739][  0]LogConfig: Setting CVar [[r.CapsuleShadows:1]]
[2022.05.21-02.06.15:739][  0]LogConfig: Applying CVar settings from Section [PostProcessQuality@3] File [C:/Users/tommy/OneDrive/Desktop/CPSC386CrossyRoadProject/Saved/Config/Windows/Scalability.ini]
[2022.05.21-02.06.15:739][  0]LogConfig: Setting CVar [[r.MotionBlurQuality:4]]
[2022.05.21-02.06.15:739][  0]LogConfig: Setting CVar [[r.AmbientOcclusionMipLevelFactor:0.4]]
[2022.05.21-02.06.15:739][  0]LogConfig: Setting CVar [[r.AmbientOcclusionMaxQuality:100]]
[2022.05.21-02.06.15:739][  0]LogConfig: Setting CVar [[r.AmbientOcclusionLevels:-1]]
[2022.05.21-02.06.15:740][  0]LogConfig: Setting CVar [[r.AmbientOcclusionRadiusScale:1.0]]
[2022.05.21-02.06.15:740][  0]LogConfig: Setting CVar [[r.DepthOfFieldQuality:2]]
[2022.05.21-02.06.15:740][  0]LogConfig: Setting CVar [[r.RenderTargetPoolMin:400]]
[2022.05.21-02.06.15:740][  0]LogConfig: Setting CVar [[r.LensFlareQuality:2]]
[2022.05.21-02.06.15:740][  0]LogConfig: Setting CVar [[r.SceneColorFringeQuality:1]]
[2022.05.21-02.06.15:740][  0]LogConfig: Setting CVar [[r.EyeAdaptationQuality:2]]
[2022.05.21-02.06.15:740][  0]LogConfig: Setting CVar [[r.BloomQuality:5]]
[2022.05.21-02.06.15:740][  0]LogConfig: Setting CVar [[r.FastBlurThreshold:100]]
[2022.05.21-02.06.15:740][  0]LogConfig: Setting CVar [[r.Upscale.Quality:3]]
[2022.05.21-02.06.15:740][  0]LogConfig: Setting CVar [[r.Tonemapper.GrainQuantization:1]]
[2022.05.21-02.06.15:740][  0]LogConfig: Setting CVar [[r.LightShaftQuality:1]]
[2022.05.21-02.06.15:740][  0]LogConfig: Setting CVar [[r.Filter.SizeScale:1]]
[2022.05.21-02.06.15:740][  0]LogConfig: Setting CVar [[r.Tonemapper.Quality:5]]
[2022.05.21-02.06.15:740][  0]LogConfig: Setting CVar [[r.DOF.Gather.AccumulatorQuality:1        ; higher gathering accumulator quality]]
[2022.05.21-02.06.15:740][  0]LogConfig: Setting CVar [[r.DOF.Gather.PostfilterMethod:1          ; Median3x3 postfilering method]]
[2022.05.21-02.06.15:740][  0]LogConfig: Setting CVar [[r.DOF.Gather.EnableBokehSettings:0       ; no bokeh simulation when gathering]]
[2022.05.21-02.06.15:740][  0]LogConfig: Setting CVar [[r.DOF.Gather.RingCount:4                 ; medium number of samples when gathering]]
[2022.05.21-02.06.15:740][  0]LogConfig: Setting CVar [[r.DOF.Scatter.ForegroundCompositing:1    ; additive foreground scattering]]
[2022.05.21-02.06.15:740][  0]LogConfig: Setting CVar [[r.DOF.Scatter.BackgroundCompositing:2    ; additive background scattering]]
[2022.05.21-02.06.15:740][  0]LogConfig: Setting CVar [[r.DOF.Scatter.EnableBokehSettings:1      ; bokeh simulation when scattering]]
[2022.05.21-02.06.15:740][  0]LogConfig: Setting CVar [[r.DOF.Scatter.MaxSpriteRatio:0.1         ; only a maximum of 10% of scattered bokeh]]
[2022.05.21-02.06.15:740][  0]LogConfig: Setting CVar [[r.DOF.Recombine.Quality:1                ; cheap slight out of focus]]
[2022.05.21-02.06.15:740][  0]LogConfig: Setting CVar [[r.DOF.Recombine.EnableBokehSettings:0    ; no bokeh simulation on slight out of focus]]
[2022.05.21-02.06.15:740][  0]LogConfig: Setting CVar [[r.DOF.TemporalAAQuality:1                ; more stable temporal accumulation]]
[2022.05.21-02.06.15:740][  0]LogConfig: Setting CVar [[r.DOF.Kernel.MaxForegroundRadius:0.025]]
[2022.05.21-02.06.15:740][  0]LogConfig: Setting CVar [[r.DOF.Kernel.MaxBackgroundRadius:0.025]]
[2022.05.21-02.06.15:740][  0]LogConfig: Applying CVar settings from Section [TextureQuality@3] File [C:/Users/tommy/OneDrive/Desktop/CPSC386CrossyRoadProject/Saved/Config/Windows/Scalability.ini]
[2022.05.21-02.06.15:740][  0]LogConfig: Setting CVar [[r.Streaming.MipBias:0]]
[2022.05.21-02.06.15:740][  0]LogConfig: Setting CVar [[r.Streaming.AmortizeCPUToGPUCopy:0]]
[2022.05.21-02.06.15:740][  0]LogConfig: Setting CVar [[r.Streaming.MaxNumTexturesToStreamPerFrame:0]]
[2022.05.21-02.06.15:740][  0]LogConfig: Setting CVar [[r.Streaming.Boost:1]]
[2022.05.21-02.06.15:740][  0]LogConfig: Setting CVar [[r.MaxAnisotropy:8]]
[2022.05.21-02.06.15:740][  0]LogConfig: Setting CVar [[r.VT.MaxAnisotropy:8]]
[2022.05.21-02.06.15:740][  0]LogConfig: Setting CVar [[r.Streaming.LimitPoolSizeToVRAM:0]]
[2022.05.21-02.06.15:740][  0]LogConfig: Setting CVar [[r.Streaming.PoolSize:1000]]
[2022.05.21-02.06.15:740][  0]LogConfig: Setting CVar [[r.Streaming.MaxEffectiveScreenSize:0]]
[2022.05.21-02.06.15:740][  0]LogConfig: Applying CVar settings from Section [EffectsQuality@3] File [C:/Users/tommy/OneDrive/Desktop/CPSC386CrossyRoadProject/Saved/Config/Windows/Scalability.ini]
[2022.05.21-02.06.15:740][  0]LogConfig: Setting CVar [[r.TranslucencyLightingVolumeDim:64]]
[2022.05.21-02.06.15:740][  0]LogConfig: Setting CVar [[r.RefractionQuality:2]]
[2022.05.21-02.06.15:740][  0]LogConfig: Setting CVar [[r.SSR.Quality:3]]
[2022.05.21-02.06.15:740][  0]LogConfig: Setting CVar [[r.SSR.HalfResSceneColor:0]]
[2022.05.21-02.06.15:740][  0]LogConfig: Setting CVar [[r.SceneColorFormat:4]]
[2022.05.21-02.06.15:740][  0]LogConfig: Setting CVar [[r.DetailMode:2]]
[2022.05.21-02.06.15:740][  0]LogConfig: Setting CVar [[r.TranslucencyVolumeBlur:1]]
[2022.05.21-02.06.15:740][  0]LogConfig: Setting CVar [[r.MaterialQualityLevel:1 ; High quality]]
[2022.05.21-02.06.15:740][  0]LogConfig: Setting CVar [[r.AnisotropicMaterials:1]]
[2022.05.21-02.06.15:740][  0]LogConfig: Setting CVar [[r.SSS.Scale:1]]
[2022.05.21-02.06.15:740][  0]LogConfig: Setting CVar [[r.SSS.SampleSet:2]]
[2022.05.21-02.06.15:740][  0]LogConfig: Setting CVar [[r.SSS.Quality:1]]
[2022.05.21-02.06.15:740][  0]LogConfig: Setting CVar [[r.SSS.HalfRes:0]]
[2022.05.21-02.06.15:740][  0]LogConfig: Setting CVar [[r.SSGI.Quality:3]]
[2022.05.21-02.06.15:740][  0]LogConfig: Setting CVar [[r.EmitterSpawnRateScale:1.0]]
[2022.05.21-02.06.15:740][  0]LogConfig: Setting CVar [[r.ParticleLightQuality:2]]
[2022.05.21-02.06.15:740][  0]LogConfig: Setting CVar [[r.SkyAtmosphere.AerialPerspectiveLUT.FastApplyOnOpaque:1 ; Always have FastSkyLUT 1 in this case to avoid wrong sky]]
[2022.05.21-02.06.15:740][  0]LogConfig: Setting CVar [[r.SkyAtmosphere.AerialPerspectiveLUT.SampleCountMaxPerSlice:4]]
[2022.05.21-02.06.15:740][  0]LogConfig: Setting CVar [[r.SkyAtmosphere.AerialPerspectiveLUT.DepthResolution:16.0]]
[2022.05.21-02.06.15:740][  0]LogConfig: Setting CVar [[r.SkyAtmosphere.FastSkyLUT:1]]
[2022.05.21-02.06.15:740][  0]LogConfig: Setting CVar [[r.SkyAtmosphere.FastSkyLUT.SampleCountMin:4.0]]
[2022.05.21-02.06.15:740][  0]LogConfig: Setting CVar [[r.SkyAtmosphere.FastSkyLUT.SampleCountMax:128.0]]
[2022.05.21-02.06.15:740][  0]LogConfig: Setting CVar [[r.SkyAtmosphere.SampleCountMin:4.0]]
[2022.05.21-02.06.15:740][  0]LogConfig: Setting CVar [[r.SkyAtmosphere.SampleCountMax:128.0]]
[2022.05.21-02.06.15:740][  0]LogConfig: Setting CVar [[r.SkyAtmosphere.TransmittanceLUT.UseSmallFormat:0]]
[2022.05.21-02.06.15:740][  0]LogConfig: Setting CVar [[r.SkyAtmosphere.TransmittanceLUT.SampleCount:10.0]]
[2022.05.21-02.06.15:740][  0]LogConfig: Setting CVar [[r.SkyAtmosphere.MultiScatteringLUT.SampleCount:15.0]]
[2022.05.21-02.06.15:740][  0]LogConfig: Setting CVar [[r.SkyLight.RealTimeReflectionCapture:1]]
[2022.05.21-02.06.15:740][  0]LogConfig: Applying CVar settings from Section [FoliageQuality@3] File [C:/Users/tommy/OneDrive/Desktop/CPSC386CrossyRoadProject/Saved/Config/Windows/Scalability.ini]
[2022.05.21-02.06.15:740][  0]LogConfig: Setting CVar [[foliage.DensityScale:1.0]]
[2022.05.21-02.06.15:740][  0]LogConfig: Setting CVar [[grass.DensityScale:1.0]]
[2022.05.21-02.06.15:740][  0]LogConfig: Applying CVar settings from Section [ShadingQuality@3] File [C:/Users/tommy/OneDrive/Desktop/CPSC386CrossyRoadProject/Saved/Config/Windows/Scalability.ini]
[2022.05.21-02.06.15:740][  0]LogConfig: Setting CVar [[r.HairStrands.SkyLighting.IntegrationType:2]]
[2022.05.21-02.06.15:740][  0]LogConfig: Setting CVar [[r.HairStrands.SkyAO.SampleCount:4]]
[2022.05.21-02.06.15:740][  0]LogConfig: Setting CVar [[r.HairStrands.Visibility.MSAA.SamplePerPixel:4]]
[2022.05.21-02.06.15:740][  0]LogInit: Selected Device Profile: [Windows]
[2022.05.21-02.06.15:740][  0]LogInit: Applying CVar settings loaded from the selected device profile: [Windows]
[2022.05.21-02.06.15:740][  0]LogHAL: Display: Platform has ~ 16 GB [17086521344 / 17179869184 / 16], which maps to Larger [LargestMinGB=32, LargerMinGB=12, DefaultMinGB=8, SmallerMinGB=6, SmallestMinGB=0)
[2022.05.21-02.06.15:740][  0]LogInit: Going up to parent DeviceProfile []
[2022.05.21-02.06.15:740][  0]LogConfig: Applying CVar settings from Section [ViewDistanceQuality@3] File [C:/Users/tommy/OneDrive/Desktop/CPSC386CrossyRoadProject/Saved/Config/Windows/Scalability.ini]
[2022.05.21-02.06.15:740][  0]LogConfig: Setting CVar [[r.SkeletalMeshLODBias:0]]
[2022.05.21-02.06.15:740][  0]LogConfig: Setting CVar [[r.ViewDistanceScale:1.0]]
[2022.05.21-02.06.15:740][  0]LogConfig: Applying CVar settings from Section [AntiAliasingQuality@3] File [C:/Users/tommy/OneDrive/Desktop/CPSC386CrossyRoadProject/Saved/Config/Windows/Scalability.ini]
[2022.05.21-02.06.15:740][  0]LogConfig: Setting CVar [[r.PostProcessAAQuality:4]]
[2022.05.21-02.06.15:740][  0]LogConfig: Applying CVar settings from Section [ShadowQuality@3] File [C:/Users/tommy/OneDrive/Desktop/CPSC386CrossyRoadProject/Saved/Config/Windows/Scalability.ini]
[2022.05.21-02.06.15:740][  0]LogConfig: Setting CVar [[r.LightFunctionQuality:1]]
[2022.05.21-02.06.15:740][  0]LogConfig: Setting CVar [[r.ShadowQuality:5]]
[2022.05.21-02.06.15:740][  0]LogConfig: Setting CVar [[r.Shadow.CSM.MaxCascades:10]]
[2022.05.21-02.06.15:740][  0]LogConfig: Setting CVar [[r.Shadow.MaxResolution:2048]]
[2022.05.21-02.06.15:740][  0]LogConfig: Setting CVar [[r.Shadow.MaxCSMResolution:2048]]
[2022.05.21-02.06.15:740][  0]LogConfig: Setting CVar [[r.Shadow.RadiusThreshold:0.01]]
[2022.05.21-02.06.15:740][  0]LogConfig: Setting CVar [[r.Shadow.DistanceScale:1.0]]
[2022.05.21-02.06.15:740][  0]LogConfig: Setting CVar [[r.Shadow.CSM.TransitionScale:1.0]]
[2022.05.21-02.06.15:740][  0]LogConfig: Setting CVar [[r.Shadow.PreShadowResolutionFactor:1.0]]
[2022.05.21-02.06.15:740][  0]LogConfig: Setting CVar [[r.DistanceFieldShadowing:1]]
[2022.05.21-02.06.15:740][  0]LogConfig: Setting CVar [[r.DistanceFieldAO:1]]
[2022.05.21-02.06.15:740][  0]LogConfig: Setting CVar [[r.AOQuality:2]]
[2022.05.21-02.06.15:740][  0]LogConfig: Setting CVar [[r.VolumetricFog:1]]
[2022.05.21-02.06.15:740][  0]LogConfig: Setting CVar [[r.VolumetricFog.GridPixelSize:8]]
[2022.05.21-02.06.15:740][  0]LogConfig: Setting CVar [[r.VolumetricFog.GridSizeZ:128]]
[2022.05.21-02.06.15:740][  0]LogConfig: Setting CVar [[r.VolumetricFog.HistoryMissSupersampleCount:4]]
[2022.05.21-02.06.15:740][  0]LogConfig: Setting CVar [[r.LightMaxDrawDistanceScale:1]]
[2022.05.21-02.06.15:740][  0]LogConfig: Setting CVar [[r.CapsuleShadows:1]]
[2022.05.21-02.06.15:740][  0]LogConfig: Applying CVar settings from Section [PostProcessQuality@3] File [C:/Users/tommy/OneDrive/Desktop/CPSC386CrossyRoadProject/Saved/Config/Windows/Scalability.ini]
[2022.05.21-02.06.15:740][  0]LogConfig: Setting CVar [[r.MotionBlurQuality:4]]
[2022.05.21-02.06.15:740][  0]LogConfig: Setting CVar [[r.AmbientOcclusionMipLevelFactor:0.4]]
[2022.05.21-02.06.15:740][  0]LogConfig: Setting CVar [[r.AmbientOcclusionMaxQuality:100]]
[2022.05.21-02.06.15:740][  0]LogConfig: Setting CVar [[r.AmbientOcclusionLevels:-1]]
[2022.05.21-02.06.15:740][  0]LogConfig: Setting CVar [[r.AmbientOcclusionRadiusScale:1.0]]
[2022.05.21-02.06.15:740][  0]LogConfig: Setting CVar [[r.DepthOfFieldQuality:2]]
[2022.05.21-02.06.15:740][  0]LogConfig: Setting CVar [[r.RenderTargetPoolMin:400]]
[2022.05.21-02.06.15:740][  0]LogConfig: Setting CVar [[r.LensFlareQuality:2]]
[2022.05.21-02.06.15:740][  0]LogConfig: Setting CVar [[r.SceneColorFringeQuality:1]]
[2022.05.21-02.06.15:740][  0]LogConfig: Setting CVar [[r.EyeAdaptationQuality:2]]
[2022.05.21-02.06.15:740][  0]LogConfig: Setting CVar [[r.BloomQuality:5]]
[2022.05.21-02.06.15:740][  0]LogConfig: Setting CVar [[r.FastBlurThreshold:100]]
[2022.05.21-02.06.15:740][  0]LogConfig: Setting CVar [[r.Upscale.Quality:3]]
[2022.05.21-02.06.15:740][  0]LogConfig: Setting CVar [[r.Tonemapper.GrainQuantization:1]]
[2022.05.21-02.06.15:740][  0]LogConfig: Setting CVar [[r.LightShaftQuality:1]]
[2022.05.21-02.06.15:740][  0]LogConfig: Setting CVar [[r.Filter.SizeScale:1]]
[2022.05.21-02.06.15:740][  0]LogConfig: Setting CVar [[r.Tonemapper.Quality:5]]
[2022.05.21-02.06.15:740][  0]LogConfig: Setting CVar [[r.DOF.Gather.AccumulatorQuality:1        ; higher gathering accumulator quality]]
[2022.05.21-02.06.15:740][  0]LogConfig: Setting CVar [[r.DOF.Gather.PostfilterMethod:1          ; Median3x3 postfilering method]]
[2022.05.21-02.06.15:740][  0]LogConfig: Setting CVar [[r.DOF.Gather.EnableBokehSettings:0       ; no bokeh simulation when gathering]]
[2022.05.21-02.06.15:740][  0]LogConfig: Setting CVar [[r.DOF.Gather.RingCount:4                 ; medium number of samples when gathering]]
[2022.05.21-02.06.15:740][  0]LogConfig: Setting CVar [[r.DOF.Scatter.ForegroundCompositing:1    ; additive foreground scattering]]
[2022.05.21-02.06.15:740][  0]LogConfig: Setting CVar [[r.DOF.Scatter.BackgroundCompositing:2    ; additive background scattering]]
[2022.05.21-02.06.15:740][  0]LogConfig: Setting CVar [[r.DOF.Scatter.EnableBokehSettings:1      ; bokeh simulation when scattering]]
[2022.05.21-02.06.15:740][  0]LogConfig: Setting CVar [[r.DOF.Scatter.MaxSpriteRatio:0.1         ; only a maximum of 10% of scattered bokeh]]
[2022.05.21-02.06.15:740][  0]LogConfig: Setting CVar [[r.DOF.Recombine.Quality:1                ; cheap slight out of focus]]
[2022.05.21-02.06.15:740][  0]LogConfig: Setting CVar [[r.DOF.Recombine.EnableBokehSettings:0    ; no bokeh simulation on slight out of focus]]
[2022.05.21-02.06.15:740][  0]LogConfig: Setting CVar [[r.DOF.TemporalAAQuality:1                ; more stable temporal accumulation]]
[2022.05.21-02.06.15:740][  0]LogConfig: Setting CVar [[r.DOF.Kernel.MaxForegroundRadius:0.025]]
[2022.05.21-02.06.15:740][  0]LogConfig: Setting CVar [[r.DOF.Kernel.MaxBackgroundRadius:0.025]]
[2022.05.21-02.06.15:740][  0]LogConfig: Applying CVar settings from Section [TextureQuality@3] File [C:/Users/tommy/OneDrive/Desktop/CPSC386CrossyRoadProject/Saved/Config/Windows/Scalability.ini]
[2022.05.21-02.06.15:740][  0]LogConfig: Setting CVar [[r.Streaming.MipBias:0]]
[2022.05.21-02.06.15:740][  0]LogConfig: Setting CVar [[r.Streaming.AmortizeCPUToGPUCopy:0]]
[2022.05.21-02.06.15:740][  0]LogConfig: Setting CVar [[r.Streaming.MaxNumTexturesToStreamPerFrame:0]]
[2022.05.21-02.06.15:740][  0]LogConfig: Setting CVar [[r.Streaming.Boost:1]]
[2022.05.21-02.06.15:740][  0]LogConfig: Setting CVar [[r.MaxAnisotropy:8]]
[2022.05.21-02.06.15:740][  0]LogConfig: Setting CVar [[r.VT.MaxAnisotropy:8]]
[2022.05.21-02.06.15:741][  0]LogConfig: Setting CVar [[r.Streaming.LimitPoolSizeToVRAM:0]]
[2022.05.21-02.06.15:741][  0]LogConfig: Setting CVar [[r.Streaming.PoolSize:1000]]
[2022.05.21-02.06.15:741][  0]LogConfig: Setting CVar [[r.Streaming.MaxEffectiveScreenSize:0]]
[2022.05.21-02.06.15:741][  0]LogConfig: Applying CVar settings from Section [EffectsQuality@3] File [C:/Users/tommy/OneDrive/Desktop/CPSC386CrossyRoadProject/Saved/Config/Windows/Scalability.ini]
[2022.05.21-02.06.15:741][  0]LogConfig: Setting CVar [[r.TranslucencyLightingVolumeDim:64]]
[2022.05.21-02.06.15:741][  0]LogConfig: Setting CVar [[r.RefractionQuality:2]]
[2022.05.21-02.06.15:741][  0]LogConfig: Setting CVar [[r.SSR.Quality:3]]
[2022.05.21-02.06.15:741][  0]LogConfig: Setting CVar [[r.SSR.HalfResSceneColor:0]]
[2022.05.21-02.06.15:741][  0]LogConfig: Setting CVar [[r.SceneColorFormat:4]]
[2022.05.21-02.06.15:741][  0]LogConfig: Setting CVar [[r.DetailMode:2]]
[2022.05.21-02.06.15:741][  0]LogConfig: Setting CVar [[r.TranslucencyVolumeBlur:1]]
[2022.05.21-02.06.15:741][  0]LogConfig: Setting CVar [[r.MaterialQualityLevel:1 ; High quality]]
[2022.05.21-02.06.15:741][  0]LogConfig: Setting CVar [[r.AnisotropicMaterials:1]]
[2022.05.21-02.06.15:741][  0]LogConfig: Setting CVar [[r.SSS.Scale:1]]
[2022.05.21-02.06.15:741][  0]LogConfig: Setting CVar [[r.SSS.SampleSet:2]]
[2022.05.21-02.06.15:741][  0]LogConfig: Setting CVar [[r.SSS.Quality:1]]
[2022.05.21-02.06.15:741][  0]LogConfig: Setting CVar [[r.SSS.HalfRes:0]]
[2022.05.21-02.06.15:741][  0]LogConfig: Setting CVar [[r.SSGI.Quality:3]]
[2022.05.21-02.06.15:741][  0]LogConfig: Setting CVar [[r.EmitterSpawnRateScale:1.0]]
[2022.05.21-02.06.15:741][  0]LogConfig: Setting CVar [[r.ParticleLightQuality:2]]
[2022.05.21-02.06.15:741][  0]LogConfig: Setting CVar [[r.SkyAtmosphere.AerialPerspectiveLUT.FastApplyOnOpaque:1 ; Always have FastSkyLUT 1 in this case to avoid wrong sky]]
[2022.05.21-02.06.15:741][  0]LogConfig: Setting CVar [[r.SkyAtmosphere.AerialPerspectiveLUT.SampleCountMaxPerSlice:4]]
[2022.05.21-02.06.15:741][  0]LogConfig: Setting CVar [[r.SkyAtmosphere.AerialPerspectiveLUT.DepthResolution:16.0]]
[2022.05.21-02.06.15:741][  0]LogConfig: Setting CVar [[r.SkyAtmosphere.FastSkyLUT:1]]
[2022.05.21-02.06.15:741][  0]LogConfig: Setting CVar [[r.SkyAtmosphere.FastSkyLUT.SampleCountMin:4.0]]
[2022.05.21-02.06.15:741][  0]LogConfig: Setting CVar [[r.SkyAtmosphere.FastSkyLUT.SampleCountMax:128.0]]
[2022.05.21-02.06.15:741][  0]LogConfig: Setting CVar [[r.SkyAtmosphere.SampleCountMin:4.0]]
[2022.05.21-02.06.15:741][  0]LogConfig: Setting CVar [[r.SkyAtmosphere.SampleCountMax:128.0]]
[2022.05.21-02.06.15:741][  0]LogConfig: Setting CVar [[r.SkyAtmosphere.TransmittanceLUT.UseSmallFormat:0]]
[2022.05.21-02.06.15:741][  0]LogConfig: Setting CVar [[r.SkyAtmosphere.TransmittanceLUT.SampleCount:10.0]]
[2022.05.21-02.06.15:741][  0]LogConfig: Setting CVar [[r.SkyAtmosphere.MultiScatteringLUT.SampleCount:15.0]]
[2022.05.21-02.06.15:741][  0]LogConfig: Setting CVar [[r.SkyLight.RealTimeReflectionCapture:1]]
[2022.05.21-02.06.15:741][  0]LogConfig: Applying CVar settings from Section [FoliageQuality@3] File [C:/Users/tommy/OneDrive/Desktop/CPSC386CrossyRoadProject/Saved/Config/Windows/Scalability.ini]
[2022.05.21-02.06.15:741][  0]LogConfig: Setting CVar [[foliage.DensityScale:1.0]]
[2022.05.21-02.06.15:741][  0]LogConfig: Setting CVar [[grass.DensityScale:1.0]]
[2022.05.21-02.06.15:741][  0]LogConfig: Applying CVar settings from Section [ShadingQuality@3] File [C:/Users/tommy/OneDrive/Desktop/CPSC386CrossyRoadProject/Saved/Config/Windows/Scalability.ini]
[2022.05.21-02.06.15:741][  0]LogConfig: Setting CVar [[r.HairStrands.SkyLighting.IntegrationType:2]]
[2022.05.21-02.06.15:741][  0]LogConfig: Setting CVar [[r.HairStrands.SkyAO.SampleCount:4]]
[2022.05.21-02.06.15:741][  0]LogConfig: Setting CVar [[r.HairStrands.Visibility.MSAA.SamplePerPixel:4]]
[2022.05.21-02.06.15:741][  0]LogConfig: Applying CVar settings from Section [Startup] File [../../../Engine/Config/ConsoleVariables.ini]
[2022.05.21-02.06.15:741][  0]LogConfig: Setting CVar [[net.UseAdaptiveNetUpdateFrequency:0]]
[2022.05.21-02.06.15:741][  0]LogConfig: Setting CVar [[p.chaos.AllowCreatePhysxBodies:1]]
[2022.05.21-02.06.15:741][  0]LogConfig: Setting CVar [[fx.SkipVectorVMBackendOptimizations:1]]
[2022.05.21-02.06.15:741][  0]LogConfig: Applying CVar settings from Section [ConsoleVariables] File [C:/Users/tommy/OneDrive/Desktop/CPSC386CrossyRoadProject/Saved/Config/Windows/Engine.ini]
[2022.05.21-02.06.15:741][  0]LogConfig: Applying CVar settings from Section [ConsoleVariables] File [C:/Users/tommy/OneDrive/Desktop/CPSC386CrossyRoadProject/Saved/Config/Windows/Editor.ini]
[2022.05.21-02.06.15:742][  0]LogInit: Computer: TOMI
[2022.05.21-02.06.15:742][  0]LogInit: User: tommy
[2022.05.21-02.06.15:742][  0]LogInit: CPU Page size=4096, Cores=8
[2022.05.21-02.06.15:742][  0]LogInit: High frequency timer resolution =10.000000 MHz
[2022.05.21-02.06.15:742][  0]LogMemory: Memory total: Physical=15.9GB (16GB approx)
[2022.05.21-02.06.15:742][  0]LogMemory: Platform Memory Stats for Windows
[2022.05.21-02.06.15:742][  0]LogMemory: Process Physical Memory: 152.14 MB used, 152.14 MB peak
[2022.05.21-02.06.15:742][  0]LogMemory: Process Virtual Memory: 135.60 MB used, 135.60 MB peak
[2022.05.21-02.06.15:742][  0]LogMemory: Physical Memory: 9152.52 MB used,  7142.46 MB free, 16294.98 MB total
[2022.05.21-02.06.15:742][  0]LogMemory: Virtual Memory: 134206824.00 MB used,  10900.16 MB free, 134217728.00 MB total
[2022.05.21-02.06.15:746][  0]LogWindows: WindowsPlatformFeatures enabled
[2022.05.21-02.06.15:778][  0]LogInit: Physics initialised using underlying interface: PhysX
[2022.05.21-02.06.15:779][  0]LogInit: Using OS detected language (en-US).
[2022.05.21-02.06.15:779][  0]LogInit: Using OS detected locale (en-US).
[2022.05.21-02.06.15:783][  0]LogTextLocalizationManager: No specific localization for 'en-US' exists, so the 'en' localization will be used.
[2022.05.21-02.06.15:909][  0]LogInit: Setting process to per monitor DPI aware
[2022.05.21-02.06.15:916][  0]LogWindowsTextInputMethodSystem: Display: IME system deactivated.
[2022.05.21-02.06.15:926][  0]LogSlate: New Slate User Created.  User Index 0, Is Virtual User: 0
[2022.05.21-02.06.15:926][  0]LogSlate: Slate User Registered.  User Index 0, Is Virtual User: 0
[2022.05.21-02.06.16:023][  0]LogD3D11RHI: Loaded GFSDK_Aftermath_Lib.x64.dll
[2022.05.21-02.06.16:056][  0]LogHMD: Failed to initialize OpenVR with code 126
[2022.05.21-02.06.16:056][  0]LogD3D11RHI: D3D11 min allowed feature level: 11_0
[2022.05.21-02.06.16:056][  0]LogD3D11RHI: D3D11 max allowed feature level: 11_0
[2022.05.21-02.06.16:056][  0]LogD3D11RHI: D3D11 adapters:
[2022.05.21-02.06.16:151][  0]LogD3D11RHI:    0. 'NVIDIA GeForce RTX 3080' (Feature Level 11_0)
[2022.05.21-02.06.16:151][  0]LogD3D11RHI:       10078/0/8147 MB DedicatedVideo/DedicatedSystem/SharedSystem, Outputs:1, VendorId:0x10de
[2022.05.21-02.06.16:153][  0]LogD3D11RHI:    1. 'Microsoft Basic Render Driver' (Feature Level 11_0)
[2022.05.21-02.06.16:153][  0]LogD3D11RHI:       0/0/8147 MB DedicatedVideo/DedicatedSystem/SharedSystem, Outputs:0, VendorId:0x1414
[2022.05.21-02.06.16:153][  0]LogD3D11RHI: Chosen D3D11 Adapter:
[2022.05.21-02.06.16:153][  0]LogD3D11RHI:     Description : NVIDIA GeForce RTX 3080
[2022.05.21-02.06.16:153][  0]LogD3D11RHI:     VendorId    : 10de
[2022.05.21-02.06.16:153][  0]LogD3D11RHI:     DeviceId    : 2216
[2022.05.21-02.06.16:153][  0]LogD3D11RHI:     SubSysId    : 88d7103c
[2022.05.21-02.06.16:153][  0]LogD3D11RHI:     Revision    : 00a1
[2022.05.21-02.06.16:154][  0]LogD3D11RHI:     DedicatedVideoMemory : 10567548928 bytes
[2022.05.21-02.06.16:154][  0]LogD3D11RHI:     DedicatedSystemMemory : 0 bytes
[2022.05.21-02.06.16:154][  0]LogD3D11RHI:     SharedSystemMemory : 8543260672 bytes
[2022.05.21-02.06.16:154][  0]LogD3D11RHI:     AdapterLuid : 0 67310
[2022.05.21-02.06.16:162][  0]LogD3D11RHI: Creating new Direct3DDevice
[2022.05.21-02.06.16:162][  0]LogD3D11RHI:     GPU DeviceId: 0x2216 (for the marketing name, search the web for "GPU Device Id")
[2022.05.21-02.06.16:162][  0]LogWindows: EnumDisplayDevices:
[2022.05.21-02.06.16:162][  0]LogWindows:    0. 'NVIDIA GeForce RTX 3080' (P:1 D:1)
[2022.05.21-02.06.16:163][  0]LogWindows:    1. 'NVIDIA GeForce RTX 3080' (P:0 D:0)
[2022.05.21-02.06.16:163][  0]LogWindows:    2. 'NVIDIA GeForce RTX 3080' (P:0 D:0)
[2022.05.21-02.06.16:163][  0]LogWindows:    3. 'NVIDIA GeForce RTX 3080' (P:0 D:0)
[2022.05.21-02.06.16:163][  0]LogWindows: DebugString: FoundDriverCount:4 
[2022.05.21-02.06.16:163][  0]LogD3D11RHI:     Adapter Name: NVIDIA GeForce RTX 3080
[2022.05.21-02.06.16:163][  0]LogD3D11RHI:   Driver Version: 512.77 (internal:30.0.15.1277, unified:512.77)
[2022.05.21-02.06.16:163][  0]LogD3D11RHI:      Driver Date: 5-4-2022
[2022.05.21-02.06.16:163][  0]LogRHI: Texture pool is 7054 MB (70% of 10078 MB)
[2022.05.21-02.06.16:163][  0]LogD3D11RHI: Creating D3DDevice using adapter:
[2022.05.21-02.06.16:163][  0]LogD3D11RHI:     Description : NVIDIA GeForce RTX 3080
[2022.05.21-02.06.16:163][  0]LogD3D11RHI:     VendorId    : 10de
[2022.05.21-02.06.16:163][  0]LogD3D11RHI:     DeviceId    : 2216
[2022.05.21-02.06.16:163][  0]LogD3D11RHI:     SubSysId    : 88d7103c
[2022.05.21-02.06.16:163][  0]LogD3D11RHI:     Revision    : 00a1
[2022.05.21-02.06.16:163][  0]LogD3D11RHI:     DedicatedVideoMemory : 10567548928 bytes
[2022.05.21-02.06.16:163][  0]LogD3D11RHI:     DedicatedSystemMemory : 0 bytes
[2022.05.21-02.06.16:163][  0]LogD3D11RHI:     SharedSystemMemory : 8543260672 bytes
[2022.05.21-02.06.16:163][  0]LogD3D11RHI:     AdapterLuid : 0 67310
[2022.05.21-02.06.16:202][  0]LogD3D11RHI: RHI has support for 64 bit atomics
[2022.05.21-02.06.16:202][  0]LogD3D11RHI: Async texture creation enabled
[2022.05.21-02.06.16:202][  0]LogD3D11RHI: Array index from any shader is supported
[2022.05.21-02.06.16:219][  0]LogD3D11RHI: GPU Timing Frequency: 1000.000000 (Debug: 2 1)
[2022.05.21-02.06.16:233][  0]LogRHI: GeForceNow SDK initialized: 1
[2022.05.21-02.06.16:468][  0]LogTargetPlatformManager: Display: Loaded TargetPlatform 'AllDesktop'
[2022.05.21-02.06.16:487][  0]LogTargetPlatformManager: Display: Loaded TargetPlatform 'Android'
[2022.05.21-02.06.16:487][  0]LogTargetPlatformManager: Display: Loaded TargetPlatform 'Android_ASTC'
[2022.05.21-02.06.16:487][  0]LogTargetPlatformManager: Display: Loaded TargetPlatform 'Android_DXT'
[2022.05.21-02.06.16:487][  0]LogTargetPlatformManager: Display: Loaded TargetPlatform 'Android_ETC2'
[2022.05.21-02.06.16:487][  0]LogTargetPlatformManager: Display: Loaded TargetPlatform 'AndroidClient'
[2022.05.21-02.06.16:487][  0]LogTargetPlatformManager: Display: Loaded TargetPlatform 'Android_ASTCClient'
[2022.05.21-02.06.16:487][  0]LogTargetPlatformManager: Display: Loaded TargetPlatform 'Android_DXTClient'
[2022.05.21-02.06.16:487][  0]LogTargetPlatformManager: Display: Loaded TargetPlatform 'Android_ETC2Client'
[2022.05.21-02.06.16:487][  0]LogTargetPlatformManager: Display: Loaded TargetPlatform 'Android_Multi'
[2022.05.21-02.06.16:487][  0]LogTargetPlatformManager: Display: Loaded TargetPlatform 'Android_MultiClient'
[2022.05.21-02.06.16:505][  0]LogTargetPlatformManager: Display: Loaded TargetPlatform 'IOSClient'
[2022.05.21-02.06.16:505][  0]LogTargetPlatformManager: Display: Loaded TargetPlatform 'IOS'
[2022.05.21-02.06.16:514][  0]LogTargetPlatformManager: Display: Loaded TargetPlatform 'Linux'
[2022.05.21-02.06.16:518][  0]LogTargetPlatformManager: Display: Loaded TargetPlatform 'LinuxNoEditor'
[2022.05.21-02.06.16:522][  0]LogTargetPlatformManager: Display: Loaded TargetPlatform 'LinuxClient'
[2022.05.21-02.06.16:526][  0]LogTargetPlatformManager: Display: Loaded TargetPlatform 'LinuxServer'
[2022.05.21-02.06.16:535][  0]LogTargetPlatformManager: Display: Loaded TargetPlatform 'LinuxAArch64NoEditor'
[2022.05.21-02.06.16:540][  0]LogTargetPlatformManager: Display: Loaded TargetPlatform 'LinuxAArch64Client'
[2022.05.21-02.06.16:544][  0]LogTargetPlatformManager: Display: Loaded TargetPlatform 'LinuxAArch64Server'
[2022.05.21-02.06.16:567][  0]LogTargetPlatformManager: Display: Loaded TargetPlatform 'Lumin'
[2022.05.21-02.06.16:567][  0]LogTargetPlatformManager: Display: Loaded TargetPlatform 'LuminClient'
[2022.05.21-02.06.16:576][  0]LogTargetPlatformManager: Display: Loaded TargetPlatform 'MacNoEditor'
[2022.05.21-02.06.16:580][  0]LogTargetPlatformManager: Display: Loaded TargetPlatform 'Mac'
[2022.05.21-02.06.16:583][  0]LogTargetPlatformManager: Display: Loaded TargetPlatform 'MacClient'
[2022.05.21-02.06.16:587][  0]LogTargetPlatformManager: Display: Loaded TargetPlatform 'MacServer'
[2022.05.21-02.06.16:596][  0]LogTargetPlatformManager: Display: Loaded TargetPlatform 'TVOSClient'
[2022.05.21-02.06.16:596][  0]LogTargetPlatformManager: Display: Loaded TargetPlatform 'TVOS'
[2022.05.21-02.06.16:605][  0]LogTargetPlatformManager: Display: Loaded TargetPlatform 'WindowsNoEditor'
[2022.05.21-02.06.16:610][  0]LogTargetPlatformManager: Display: Loaded TargetPlatform 'Windows'
[2022.05.21-02.06.16:614][  0]LogTargetPlatformManager: Display: Loaded TargetPlatform 'WindowsClient'
[2022.05.21-02.06.16:618][  0]LogTargetPlatformManager: Display: Loaded TargetPlatform 'WindowsServer'
[2022.05.21-02.06.16:618][  0]LogTargetPlatformManager: Display: Building Assets For Windows
[2022.05.21-02.06.16:626][  0]LogAudioDebug: Display: Lib vorbis DLL was dynamically loaded.
[2022.05.21-02.06.16:656][  0]LogTextureFormatOodle: Display: Oodle Texture 2.9.0 init RDO Off
[2022.05.21-02.06.16:686][  0]LogRendererCore: Ray tracing is disabled. Reason: r.RayTracing=0.
[2022.05.21-02.06.16:686][  0]LogShaderCompilers: Guid format shader working directory is -26 characters bigger than the processId version (../../../../../../Users/tommy/OneDrive/Desktop/CPSC386CrossyRoadProject/Intermediate/Shaders/WorkingDirectory/25728/).
[2022.05.21-02.06.16:686][  0]LogShaderCompilers: Cleaned the shader compiler working directory 'C:/Users/tommy/AppData/Local/Temp/UnrealShaderWorkingDir/F487F7DB4837AE1ABDB16781400D6B9D/'.
[2022.05.21-02.06.16:686][  0]LogXGEController: Cannot use XGE Controller as Incredibuild is not installed on this machine.
[2022.05.21-02.06.16:686][  0]LogShaderCompilers: Cannot use XGE Shader Compiler as Incredibuild is not installed on this machine.
[2022.05.21-02.06.16:686][  0]LogShaderCompilers: Display: Using Local Shader Compiler.
[2022.05.21-02.06.17:213][  0]LogDerivedDataCache: Display: Max Cache Size: 512 MB
[2022.05.21-02.06.17:250][  0]LogDerivedDataCache: Loaded boot cache 0.04s 94MB C:/Users/tommy/AppData/Local/UnrealEngine/4.27/DerivedDataCache/Boot.ddc.
[2022.05.21-02.06.17:250][  0]LogDerivedDataCache: Display: Loaded Boot cache: C:/Users/tommy/AppData/Local/UnrealEngine/4.27/DerivedDataCache/Boot.ddc
[2022.05.21-02.06.17:251][  0]LogDerivedDataCache: FDerivedDataBackendGraph:  Pak pak cache file ../../../../../../Users/tommy/OneDrive/Desktop/CPSC386CrossyRoadProject/DerivedDataCache/DDC.ddp not found, will not use a pak cache.
[2022.05.21-02.06.17:251][  0]LogDerivedDataCache: Unable to find inner node Pak for hierarchical cache Hierarchy.
[2022.05.21-02.06.17:251][  0]LogDerivedDataCache: FDerivedDataBackendGraph:  CompressedPak pak cache file ../../../../../../Users/tommy/OneDrive/Desktop/CPSC386CrossyRoadProject/DerivedDataCache/Compressed.ddp not found, will not use a pak cache.
[2022.05.21-02.06.17:251][  0]LogDerivedDataCache: Unable to find inner node CompressedPak for hierarchical cache Hierarchy.
[2022.05.21-02.06.17:265][  0]LogDerivedDataCache: Display: Pak cache opened for reading ../../../Engine/DerivedDataCache/Compressed.ddp.
[2022.05.21-02.06.17:265][  0]LogDerivedDataCache: FDerivedDataBackendGraph:  EnterprisePak pak cache file ../../../Enterprise/DerivedDataCache/Compressed.ddp not found, will not use a pak cache.
[2022.05.21-02.06.17:265][  0]LogDerivedDataCache: Unable to find inner node EnterprisePak for hierarchical cache Hierarchy.
[2022.05.21-02.06.17:274][  0]LogDerivedDataCache: Speed tests for C:/Users/tommy/AppData/Local/UnrealEngine/Common/DerivedDataCache took 0.01 seconds
[2022.05.21-02.06.17:274][  0]LogDerivedDataCache: Display: Performance to C:/Users/tommy/AppData/Local/UnrealEngine/Common/DerivedDataCache: Latency=0.03ms. RandomReadSpeed=365.52MBs, RandomWriteSpeed=165.53MBs. Assigned SpeedClass 'Local'
[2022.05.21-02.06.17:274][  0]LogDerivedDataCache: Using Local data cache path C:/Users/tommy/AppData/Local/UnrealEngine/Common/DerivedDataCache: Writable
[2022.05.21-02.06.17:274][  0]LogDerivedDataCache: Shared data cache path not found in *engine.ini, will not use an Shared cache.
[2022.05.21-02.06.17:274][  0]LogDerivedDataCache: Unable to find inner node Shared for hierarchical cache Hierarchy.
[2022.05.21-02.06.17:307][  0]LogSlate: Using FreeType 2.10.0
[2022.05.21-02.06.17:308][  0]LogSlate: SlateFontServices - WITH_FREETYPE: 1, WITH_HARFBUZZ: 1
[2022.05.21-02.06.17:324][  0]LogAssetRegistry: FAssetRegistry took 0.0024 seconds to start up
[2022.05.21-02.06.17:509][  0]LogInit: Selected Device Profile: [Windows]
[2022.05.21-02.06.17:509][  0]LogInit: Active device profile: [00000179CE2F6800][00000179CF2C2840 49] Windows
[2022.05.21-02.06.17:509][  0]LogInit: Profiles: [00000179CE2F6800][00000179CF2C2840 49] Windows, [00000179CFFF9A00][00000179CF2DA980 49] WindowsNoEditor, [00000179CE2F6E00][00000179C1464AC0 49] WindowsServer, [00000179CFFF9300][00000179C14BCC40 49] WindowsClient, [00000179CE2F5200][00000179C14E0DC0 49] IOS, [00000179CFFFBA00][00000179C14E4F40 49] iPadAir, [00000179CE2F6A00][00000179C14E90C0 49] iPadAir2, [00000179CFF86800][00000179CF2C7380 49] IPadPro, [00000179CFF86900][00000179C14ED3C0 49] iPadAir3, [00000179CE2F4200][00000179C14F1540 49] iPadAir4, [00000179CFF84500][00000179C14F56C0 49] iPadMini2, [00000179CE2F5000][00000179CF6E3840 49] iPadMini3, [00000179CFF87000][00000179CF6EB9C0 49] iPadMini4, [00000179CE2F5C00][00000179C57D7B40 49] iPadMini5, [00000179CFFF2100][00000179C57DE280 49] iPhone6, [00000179CFFF2200][00000179C57DA2C0 49] iPodTouch6, [00000179CFF85F00][00000179CF3BA580 49] iPhone7, [00000179CFF86000][00000179CF39E5C0 49] iPodTouch7, [00000179CFFF2C00][00000179CF09C740 49] iPhone5S, [00000179CFF85C00][00000179CF1BA8C0 49] iPhone6Plus, [00000179CFFF1900][00000179C14B8A00 49] iPhone6S, [00000179CFF84E00][00000179CF1C8B40 49] iPhone6SPlus, [00000179CFFF1500][00000179CF1CCC80 49] iPhone7Plus, [00000179CFF86500][00000179CF1D0DC0 49] iPhoneSE, [00000179CFFF1600][00000179CF248F40 49] iPhone8, [00000179CFF84B00][00000179C1AD90C0 49] iPhone8Plus, [00000179CFFF2600][00000179C1ADD240 49] iPhoneX, [00000179CFF85E00][00000179C1AE13C0 49] iPhoneXS, [00000179CFFF0300][00000179C1AE5540 49] iPhoneXSMax, [00000179CFF87100][00000179CF2896C0 49] iPhoneXR, [00000179CFFF2D00][00000179CF28D840 49] iPhone11, [00000179CFF87200][00000179CF2919C0 49] iPhone11Pro, [00000179CFFF1000][00000179C1AFDB40 49] iPhone11ProMax, [00000179CFF86700][00000179C1B00140 49] iPhoneSE2, [00000179CFFF3400][00000179C1B082C0 49] iPhone12Mini, [00000179CFF84300][00000179C1B0C440 49] iPhone12, [00000179CFFF0E00][00000179C149C5C0 49] iPhone12Pro, [00000179CFF85000][00000179C14A0740 49] iPhone12ProMax, [00000179CFFF0700][00000179C14A48C0 49] iPadPro105, [00000179CFF86A00][00000179C14A8A40 49] iPadPro129, [00000179CFFF2400][00000179CF1D4B80 49] iPadPro97, [00000179CFF85A00][00000179C1498CC0 49] iPadPro2_129, [00000179CFFF0600][00000179C1B04E00 49] iPad5, [00000179CFF87400][00000179C14D6F40 49] iPad6, [00000179CFFF0F00][00000179C577D0C0 49] iPad7, [00000179CFF85300][00000179C5781240 49] iPad8, [00000179CFFF2A00][00000179C57853C0 49] iPadPro11, [00000179CFFFAB00][00000179CF38D540 49] iPadPro2_11, [00000179CE42D900][00000179CF3896C0 49] iPadPro3_129, [00000179CFFF9F00][00000179C57E7840 49] iPadPro4_129, [00000179CE42C800][00000179C57E39C0 49] AppleTV, [00000179CFFFB900][00000179C156FB40 49] AppleTV4K, [00000179CE42CE00][00000179CF6E6140 49] TVOS, [00000179CFFFA000][00000179C57882C0 49] Mac, [00000179CE42DD00][00000179C578C440 49] MacClient, [00000179CFFF8F00][00000179C57905C0 49] MacNoEditor, [00000179CE42D300][00000179C5794740 49] MacServer, [00000179CFFF0100][00000179C57988C0 49] Linux, [00000179CFF87500][00000179C579CA40 49] LinuxAArch64, [00000179CFFF2500][00000179C57A0BC0 49] LinuxNoEditor, [00000179CFF85200][00000179C57A4D40 49] LinuxAArch64NoEditor, [00000179CFFF2900][00000179C14DAE80 49] LinuxClient, [00000179CFF85D00][00000179C1A84FC0 49] LinuxAArch64Client, [00000179CFFF1B00][00000179C1A89100 49] LinuxServer, [00000179CFF86C00][00000179C1A91280 49] LinuxAArch64Server, [00000179CFFF2F00][00000179C1A95400 49] Android, [00000179CFF87800][00000179C1A99580 49] Android_Low, [00000179CFFF1F00][00000179C1A9D700 49] Android_Mid, [00000179CFF86100][00000179C1AA1880 49] Android_High, [00000179CFFF3200][00000179C1AA5A00 49] Android_Default, [00000179CFF84D00][00000179C1AA9B80 49] Android_Adreno4xx, [00000179CFFF3100][00000179CF2F0180 49] Android_Adreno5xx_Low, [00000179CFF87700][00000179CF2F4300 49] Android_Adreno5xx, [00000179CFFF3900][00000179CF2F8480 49] Android_Adreno6xx, [00000179CFF87D00][00000179CF2FC600 49] Android_Adreno6xx_Vulkan, [00000179CFFF3600][00000179CF300780 49] Android_Mali_T6xx, [00000179CFF85100][00000179CF304900 49] Android_Mali_T7xx, [00000179CFFF0A00][00000179CF308A80 49] Android_Mali_T8xx, [00000179CFF84800][00000179CF30CC00 49] Android_Mali_G71, [00000179CFFF1700][00000179CF310D80 49] Android_Mali_G72, [00000179CFF84A00][00000179CF314F00 49] Android_Mali_G72_Vulkan, [00000179CFFF2700][00000179C1A8D040 49] Android_Mali_G76, [00000179CE42C100][00000179CF319180 49] Android_Mali_G76_Vulkan, [00000179CFFF0C00][00000179CF31D2C0 49] Android_Mali_G77, [00000179CFF86200][00000179CF325440 49] Android_Mali_G77_Vulkan, [00000179CFFF1200][00000179CF3295C0 49] Android_Mali_G78, [00000179CFF86400][00000179CF009740 49] Android_Mali_G78_Vulkan, [00000179CFFF3C00][00000179CF00D8C0 49] Android_Mali_G710, [00000179CFF85900][00000179CF011A40 49] Android_Mali_G710_Vulkan, [00000179CFFF2000][00000179CF015BC0 49] Android_Vulkan_SM5, [00000179CFF84200][00000179CF0181C0 49] Android_PowerVR_G6xxx, [00000179CFFF1C00][00000179CF01C340 49] Android_PowerVR_GT7xxx, [00000179CFF86300][00000179CF0204C0 49] Android_PowerVR_GE8xxx, [00000179CFFF3300][00000179CF024640 49] Android_PowerVR_GM9xxx, [00000179CFF85400][00000179CF0287C0 49] Android_PowerVR_GM9xxx_Vulkan, [00000179CFFF3A00][00000179CF02C940 49] Android_TegraK1, [00000179CFF85700][00000179CF030AC0 49] Android_Unknown_Vulkan, [00000179CFFF3800][00000179CF034C40 49] Lumin, [00000179CFF85500][00000179CF038DC0 49] Lumin_Desktop, [00000179CFFF1D00][00000179CF03CF40 49] HoloLens, 
[2022.05.21-02.06.17:607][  0]LogMeshReduction: Using QuadricMeshReduction for automatic static mesh reduction
[2022.05.21-02.06.17:607][  0]LogMeshReduction: Using SimplygonMeshReduction for automatic skeletal mesh reduction
[2022.05.21-02.06.17:607][  0]LogMeshReduction: Using ProxyLODMeshReduction for automatic mesh merging
[2022.05.21-02.06.17:607][  0]LogMeshReduction: No distributed automatic mesh merging module available
[2022.05.21-02.06.17:607][  0]LogMeshMerging: No distributed automatic mesh merging module available
[2022.05.21-02.06.17:617][  0]LogNetVersion: CrossyRoadProject 1.0.0, NetCL: 17155196, EngineNetVer: 17, GameNetVer: 0 (Checksum: 2145734133)
[2022.05.21-02.06.17:880][  0]LogTexture: Default maximum texture size for cubemaps generated from long-lat sources has been changed from 512 to unlimited. In order to preserve old behaiour for '/Engine/MapTemplates/Sky/DaylightAmbientCubemap.DaylightAmbientCubemap', its maximum texture size has been explicitly set to 512.
[2022.05.21-02.06.17:921][  0]LogHMD: PokeAHoleMaterial loaded successfully
[2022.05.21-02.06.17:926][  0]LogUObjectArray: 17178 objects as part of root set at end of initial load.
[2022.05.21-02.06.17:926][  0]LogUObjectAllocator: 4302048 out of 0 bytes used by permanent object pool.
[2022.05.21-02.06.17:926][  0]LogUObjectArray: CloseDisregardForGC: 0/0 objects in disregard for GC pool
[2022.05.21-02.06.18:169][  0]LogNiagaraDebuggerClient: Niagara Debugger Client Initialized | Session: 3953D6234E6954A87175E9AE33943C58 | Instance: C7DCCBE647B2575316BC0B94A9FB6257 (TOMI-25728).
[2022.05.21-02.06.18:198][  0]LogPython: Using Python 3.7.7
[2022.05.21-02.06.18:633][  0]LogUdpMessaging: Initializing bridge on interface 0.0.0.0:0 to multicast group 230.0.0.1:6666.
[2022.05.21-02.06.18:638][  0]LogTcpMessaging: Initializing TcpMessaging bridge
[2022.05.21-02.06.18:698][  0]LogLinker: Warning: Failed to load '/Game/ThirdPersonBP/ThirdPersonOverview': Can't find file.
[2022.05.21-02.06.18:698][  0]LogLinker: Warning: Failed to load '/Game/ThirdPersonBP/ThirdPersonOverview': Can't find file.
[2022.05.21-02.06.18:698][  0]LogUObjectGlobals: Warning: Failed to find object 'Class /Game/ThirdPersonBP/ThirdPersonOverview.ThirdPersonOverview_C'
[2022.05.21-02.06.18:776][  0]SourceControl: Source control is disabled
[2022.05.21-02.06.18:776][  0]SourceControl: Source control is disabled
[2022.05.21-02.06.18:783][  0]SourceControl: Source control is disabled
[2022.05.21-02.06.18:786][  0]SourceControl: Source control is disabled
[2022.05.21-02.06.18:797][  0]SourceControl: Source control is disabled
[2022.05.21-02.06.18:806][  0]LogUProjectInfo: Found projects:
[2022.05.21-02.06.19:019][  0]LogOpenImageDenoise: OIDN starting up
[2022.05.21-02.06.19:061][  0]LogAndroidPermission: UAndroidPermissionCallbackProxy::GetInstance
[2022.05.21-02.06.19:076][  0]LogAudioCaptureCore: Display: No Audio Capture implementations found. Audio input will be silent.
[2022.05.21-02.06.19:076][  0]LogAudioCaptureCore: Display: No Audio Capture implementations found. Audio input will be silent.
[2022.05.21-02.06.19:170][  0]LogCollectionManager: Loaded 0 collections in 0.000673 seconds
[2022.05.21-02.06.19:190][  0]LogFileCache: Scanning file cache for directory 'C:/Users/tommy/OneDrive/Desktop/CPSC386CrossyRoadProject/Saved/Collections/' took 0.00s
[2022.05.21-02.06.19:190][  0]LogFileCache: Scanning file cache for directory 'C:/Users/tommy/OneDrive/Desktop/CPSC386CrossyRoadProject/Content/Developers/tommy/Collections/' took 0.00s
[2022.05.21-02.06.19:190][  0]LogFileCache: Scanning file cache for directory 'C:/Users/tommy/OneDrive/Desktop/CPSC386CrossyRoadProject/Content/Collections/' took 0.00s
[2022.05.21-02.06.19:190][  0]LogOcInput: OculusInput pre-init called
[2022.05.21-02.06.19:349][  0]LogEngine: Initializing Engine...
[2022.05.21-02.06.19:411][  0]LogHMD: Failed to initialize OpenVR with code 108
[2022.05.21-02.06.19:424][  0]LogHMD: Optional extension XR_VARJO_quad_views is not available
[2022.05.21-02.06.19:425][  0]LogHMD: Warning: Required extension XR_EXT_eye_gaze_interaction is not available
[2022.05.21-02.06.19:425][  0]LogHMD: Could not enable all required OpenXR extensions for OpenXREyeTracker on current system. This plugin will be loaded but ignored, but will be enabled on a target platform that supports the required extension.
[2022.05.21-02.06.19:459][  0]LogHMD: Failed to create an OpenXR instance, result is XR_ERROR_RUNTIME_FAILURE. Please check if you have an OpenXR runtime installed. The following extensions were enabled:
[2022.05.21-02.06.19:459][  0]LogHMD: - XR_KHR_D3D11_enable
[2022.05.21-02.06.19:459][  0]LogHMD: - XR_KHR_D3D12_enable
[2022.05.21-02.06.19:459][  0]LogHMD: - XR_KHR_opengl_enable
[2022.05.21-02.06.19:459][  0]LogHMD: - XR_KHR_vulkan_enable
[2022.05.21-02.06.19:459][  0]LogHMD: - XR_KHR_composition_layer_depth
[2022.05.21-02.06.19:459][  0]LogHMD: - XR_KHR_visibility_mask
[2022.05.21-02.06.19:459][  0]LogHMD: - XR_EXT_hand_tracking
[2022.05.21-02.06.19:459][  0]LogMagicLeap: Warning: VR disabled because ZI is not enabled.  To enable, in the editor, Edit -> Project Settings -> Plugins -> Magic Leap Plugin -> Enable Zero Iteration
[2022.05.21-02.06.19:460][  0]LogStats: UGameplayTagsManager::InitializeManager -  0.000 s
[2022.05.21-02.06.19:550][  0]LogInit: Initializing FReadOnlyCVARCache
[2022.05.21-02.06.19:557][  0]LogAIModule: Creating AISystem for world Untitled
[2022.05.21-02.06.19:557][  0]LogAudio: Display: Initializing Audio Device Manager...
[2022.05.21-02.06.19:560][  0]LogAudio: Display: Loading Default Audio Settings Objects...
[2022.05.21-02.06.19:560][  0]LogAudio: Display: No default SoundConcurrencyObject specified (or failed to load).
[2022.05.21-02.06.19:561][  0]LogAudio: Display: Audio Device Manager Initialized
[2022.05.21-02.06.19:561][  0]LogAudio: Display: Creating Audio Device:                 Id: 1, Scope: Shared, Realtime: True
[2022.05.21-02.06.19:561][  0]LogAudioMixer: Display: Audio Mixer Platform Settings:
[2022.05.21-02.06.19:561][  0]LogAudioMixer: Display: 	Sample Rate:						  48000
[2022.05.21-02.06.19:561][  0]LogAudioMixer: Display: 	Callback Buffer Frame Size Requested: 1024
[2022.05.21-02.06.19:561][  0]LogAudioMixer: Display: 	Callback Buffer Frame Size To Use:	  1024
[2022.05.21-02.06.19:561][  0]LogAudioMixer: Display: 	Number of buffers to queue:			  2
[2022.05.21-02.06.19:561][  0]LogAudioMixer: Display: 	Max Channels (voices):				  32
[2022.05.21-02.06.19:561][  0]LogAudioMixer: Display: 	Number of Async Source Workers:		  0
[2022.05.21-02.06.19:561][  0]LogAudio: Display: AudioDevice MaxSources: 32
[2022.05.21-02.06.19:561][  0]LogAudio: Display: Audio Spatialization Plugin: None (built-in).
[2022.05.21-02.06.19:561][  0]LogAudio: Display: Audio Reverb Plugin: None (built-in).
[2022.05.21-02.06.19:561][  0]LogAudio: Display: Audio Occlusion Plugin: None (built-in).
[2022.05.21-02.06.19:561][  0]LogAudioMixer: Display: Initializing audio mixer.
[2022.05.21-02.06.19:572][  0]LogAudioMixer: Display: 0: FrontLeft
[2022.05.21-02.06.19:572][  0]LogAudioMixer: Display: 1: FrontRight
[2022.05.21-02.06.19:582][  0]LogAudioMixer: Display: Using Audio Device Headphones (Galaxy Buds2 (8572))
[2022.05.21-02.06.19:584][  0]LogAudioMixer: Display: Initializing Sound Submixes...
[2022.05.21-02.06.19:586][  0]LogAudioMixer: Display: Creating Master Submix 'MasterSubmixDefault'
[2022.05.21-02.06.19:586][  0]LogAudioMixer: Display: Creating Master Submix 'MasterReverbSubmixDefault'
[2022.05.21-02.06.19:587][  0]LogAudioMixer: Display: Creating Master Submix 'MasterEQSubmixDefault'
[2022.05.21-02.06.19:587][  0]LogAudioMixer: FMixerPlatformXAudio2::StartAudioStream() called
[2022.05.21-02.06.19:587][  0]LogAudioMixer: Display: Output buffers initialized: Frames=1024, Channels=2, Samples=2048
[2022.05.21-02.06.19:587][  0]LogAudioMixer: Display: Starting AudioMixerPlatformInterface::RunInternal()
[2022.05.21-02.06.19:587][  0]LogAudioMixer: Display: FMixerPlatformXAudio2::SubmitBuffer() called for the first time
[2022.05.21-02.06.19:587][  0]LogInit: FAudioDevice initialized.
[2022.05.21-02.06.19:587][  0]LogAudio: Display: Audio Device (ID: 1) registered with world 'Untitled'.
[2022.05.21-02.06.19:587][  0]LogNetVersion: Set ProjectVersion to 1.0.0.0. Version Checksum will be recalculated on next use.
[2022.05.21-02.06.19:630][  0]LogDerivedDataCache: Saved boot cache 0.04s 94MB C:/Users/tommy/AppData/Local/UnrealEngine/4.27/DerivedDataCache/Boot.ddc.
[2022.05.21-02.06.19:631][  0]LogInit: Texture streaming: Enabled
[2022.05.21-02.06.19:643][  0]LogAnalytics: Display: [UEEditor.Rocket.Release] APIServer = https://datarouter.ol.epicgames.com/. AppVersion = 4.27.2-18319896+++UE4+Release-4.27
[2022.05.21-02.06.19:647][  0]LogEngineSessionManager: EngineSessionManager initialized
[2022.05.21-02.06.19:647][  0]LogEditorSessionSummary: Verbose: Initializing EditorSessionSummaryWriter for editor session tracking
[2022.05.21-02.06.19:651][  0]LogEditorSessionSummary: EditorSessionSummaryWriter initialized
[2022.05.21-02.06.19:676][  0]LogInit: Transaction tracking system initialized
[2022.05.21-02.06.19:694][  0]BlueprintLog: New page: Editor Load
[2022.05.21-02.06.19:745][  0]LocalizationService: Localization service is disabled
[2022.05.21-02.06.19:765][  0]TimingProfiler: Initialize
[2022.05.21-02.06.19:765][  0]TimingProfiler: OnSessionChanged
[2022.05.21-02.06.19:765][  0]LoadingProfiler: Initialize
[2022.05.21-02.06.19:765][  0]LoadingProfiler: OnSessionChanged
[2022.05.21-02.06.19:765][  0]NetworkingProfiler: Initialize
[2022.05.21-02.06.19:765][  0]NetworkingProfiler: OnSessionChanged
[2022.05.21-02.06.19:765][  0]MemoryProfiler: Initialize
[2022.05.21-02.06.19:765][  0]MemoryProfiler: OnSessionChanged
[2022.05.21-02.06.19:877][  0]LogCook: Display: CookSettings for Memory: MemoryMaxUsedVirtual 0MiB, MemoryMaxUsedPhysical 16384MiB, MemoryMinFreeVirtual 0MiB, MemoryMinFreePhysical 1024MiB
[2022.05.21-02.06.19:877][  0]LogCook: Display: Mobile HDR setting 1
[2022.05.21-02.06.20:025][  0]LogFileCache: Scanning file cache for directory 'C:/Users/tommy/OneDrive/Desktop/CPSC386CrossyRoadProject/Content/' took 0.00s
[2022.05.21-02.06.20:140][  0]LogInit: Display: Engine is initialized. Leaving FEngineLoop::Init()
[2022.05.21-02.06.20:143][  0]SourceControl: Source control is disabled
[2022.05.21-02.06.20:144][  0]LogUnrealEdMisc: Loading editor; pre map load, took 5.922
[2022.05.21-02.06.20:144][  0]Cmd: MAP LOAD FILE="../../../../../../Users/tommy/OneDrive/Desktop/CPSC386CrossyRoadProject/Content/ThirdPersonBP/Maps/ThirdPersonExampleMap.umap" TEMPLATE=0 SHOWPROGRESS=1 FEATURELEVEL=3
[2022.05.21-02.06.20:144][  0]LightingResults: New page: Lighting Build
[2022.05.21-02.06.20:145][  0]LogWorld: UWorld::CleanupWorld for Untitled, bSessionEnded=true, bCleanupResources=true
[2022.05.21-02.06.20:145][  0]LogSlate: InvalidateAllWidgets triggered.  All widgets were invalidated
[2022.05.21-02.06.20:145][  0]MapCheck: New page: Map Check
[2022.05.21-02.06.20:145][  0]LightingResults: New page: Lighting Build
[2022.05.21-02.06.20:148][  0]LogAudio: Display: Audio Device unregistered from world 'None'.
[2022.05.21-02.06.20:151][  0]LogUObjectHash: Compacting FUObjectHashTables data took   0.62ms
[2022.05.21-02.06.20:335][  0]LogAudio: Display: Audio Device (ID: 1) registered with world 'ThirdPersonExampleMap'.
[2022.05.21-02.06.20:336][  0]LogAIModule: Creating AISystem for world ThirdPersonExampleMap
[2022.05.21-02.06.20:340][  0]LogEditorServer: Finished looking for orphan Actors (0.000 secs)
[2022.05.21-02.06.20:346][  0]LogUObjectHash: Compacting FUObjectHashTables data took   0.75ms
[2022.05.21-02.06.20:346][  0]Cmd: MAP CHECKDEP NOCLEARLOG
[2022.05.21-02.06.20:346][  0]MapCheck: Map check complete: 0 Error(s), 0 Warning(s), took 0.125ms to complete.
[2022.05.21-02.06.20:346][  0]LogFileHelpers: Loading map 'ThirdPersonExampleMap' took 0.202
[2022.05.21-02.06.20:347][  0]LogUnrealEdMisc: Total Editor Startup Time, took 6.126
[2022.05.21-02.06.20:440][  0]LogSlate: Updating window title bar state: overlay mode, drag disabled, window buttons hidden, title bar hidden
[2022.05.21-02.06.20:445][  0]LogSlate: Updating window title bar state: overlay mode, drag disabled, window buttons hidden, title bar hidden
[2022.05.21-02.06.20:450][  0]LogSlate: Updating window title bar state: overlay mode, drag disabled, window buttons hidden, title bar hidden
[2022.05.21-02.06.20:454][  0]LogSlate: Updating window title bar state: overlay mode, drag disabled, window buttons hidden, title bar hidden
[2022.05.21-02.06.20:466][  0]LogNativeClassHierarchy: Verbose: Native class hierarchy populated in 0.0085 seconds. Added 3822 classes and 928 folders.
[2022.05.21-02.06.20:468][  0]LogNativeClassHierarchy: Verbose: Native class hierarchy updated for 'WidgetCarousel' in 0.0002 seconds. Added 0 classes and 0 folders.
[2022.05.21-02.06.20:470][  0]LogPakFile: PakFile PrimaryIndexSize=187
[2022.05.21-02.06.20:470][  0]LogPakFile: PakFile PathHashIndexSize=101
[2022.05.21-02.06.20:470][  0]LogPakFile: PakFile FullDirectoryIndexSize=148
[2022.05.21-02.06.20:470][  0]LogShaderLibrary: Display: ShaderCodeLibraryPakFileMountedCallback: PakFile 'C:/Program Files/Epic Games/UE_4.27/FeaturePacks/FP_FirstPerson.upack' (chunk index -1, root 'root:/') mounted
[2022.05.21-02.06.20:470][  0]LogShaderLibrary: Display: ShaderCodeLibraryPakFileMountedCallback: pending pak file info (ChunkID:-1 Root:root:/ File:C:/Program Files/Epic Games/UE_4.27/FeaturePacks/FP_FirstPerson.upack)
[2022.05.21-02.06.20:470][  0]LogPakFile: OnPakFileMounted2Time == 0.000043
[2022.05.21-02.06.20:470][  0]LogPakFile: PakFile PrimaryIndexSize=189
[2022.05.21-02.06.20:470][  0]LogPakFile: PakFile PathHashIndexSize=101
[2022.05.21-02.06.20:470][  0]LogPakFile: PakFile FullDirectoryIndexSize=152
[2022.05.21-02.06.20:470][  0]LogShaderLibrary: Display: ShaderCodeLibraryPakFileMountedCallback: PakFile 'C:/Program Files/Epic Games/UE_4.27/FeaturePacks/FP_FirstPersonBP.upack' (chunk index -1, root 'root:/') mounted
[2022.05.21-02.06.20:470][  0]LogShaderLibrary: Display: ShaderCodeLibraryPakFileMountedCallback: pending pak file info (ChunkID:-1 Root:root:/ File:C:/Program Files/Epic Games/UE_4.27/FeaturePacks/FP_FirstPersonBP.upack)
[2022.05.21-02.06.20:470][  0]LogPakFile: OnPakFileMounted2Time == 0.000025
[2022.05.21-02.06.20:471][  0]LogPakFile: PakFile PrimaryIndexSize=191
[2022.05.21-02.06.20:471][  0]LogPakFile: PakFile PathHashIndexSize=101
[2022.05.21-02.06.20:471][  0]LogPakFile: PakFile FullDirectoryIndexSize=160
[2022.05.21-02.06.20:471][  0]LogShaderLibrary: Display: ShaderCodeLibraryPakFileMountedCallback: PakFile 'C:/Program Files/Epic Games/UE_4.27/FeaturePacks/MobileStarterContent.upack' (chunk index -1, root 'root:/') mounted
[2022.05.21-02.06.20:471][  0]LogShaderLibrary: Display: ShaderCodeLibraryPakFileMountedCallback: pending pak file info (ChunkID:-1 Root:root:/ File:C:/Program Files/Epic Games/UE_4.27/FeaturePacks/MobileStarterContent.upack)
[2022.05.21-02.06.20:471][  0]LogPakFile: OnPakFileMounted2Time == 0.000031
[2022.05.21-02.06.20:471][  0]LogPakFile: PakFile PrimaryIndexSize=185
[2022.05.21-02.06.20:471][  0]LogPakFile: PakFile PathHashIndexSize=101
[2022.05.21-02.06.20:471][  0]LogPakFile: PakFile FullDirectoryIndexSize=148
[2022.05.21-02.06.20:471][  0]LogShaderLibrary: Display: ShaderCodeLibraryPakFileMountedCallback: PakFile 'C:/Program Files/Epic Games/UE_4.27/FeaturePacks/StarterContent.upack' (chunk index -1, root 'root:/') mounted
[2022.05.21-02.06.20:471][  0]LogShaderLibrary: Display: ShaderCodeLibraryPakFileMountedCallback: pending pak file info (ChunkID:-1 Root:root:/ File:C:/Program Files/Epic Games/UE_4.27/FeaturePacks/StarterContent.upack)
[2022.05.21-02.06.20:471][  0]LogPakFile: OnPakFileMounted2Time == 0.000023
[2022.05.21-02.06.20:471][  0]LogPakFile: PakFile PrimaryIndexSize=190
[2022.05.21-02.06.20:471][  0]LogPakFile: PakFile PathHashIndexSize=101
[2022.05.21-02.06.20:471][  0]LogPakFile: PakFile FullDirectoryIndexSize=154
[2022.05.21-02.06.20:471][  0]LogShaderLibrary: Display: ShaderCodeLibraryPakFileMountedCallback: PakFile 'C:/Program Files/Epic Games/UE_4.27/FeaturePacks/TP_2DSideScroller.upack' (chunk index -1, root 'root:/') mounted
[2022.05.21-02.06.20:471][  0]LogShaderLibrary: Display: ShaderCodeLibraryPakFileMountedCallback: pending pak file info (ChunkID:-1 Root:root:/ File:C:/Program Files/Epic Games/UE_4.27/FeaturePacks/TP_2DSideScroller.upack)
[2022.05.21-02.06.20:471][  0]LogPakFile: OnPakFileMounted2Time == 0.000023
[2022.05.21-02.06.20:472][  0]LogPakFile: PakFile PrimaryIndexSize=192
[2022.05.21-02.06.20:472][  0]LogPakFile: PakFile PathHashIndexSize=101
[2022.05.21-02.06.20:472][  0]LogPakFile: PakFile FullDirectoryIndexSize=158
[2022.05.21-02.06.20:472][  0]LogShaderLibrary: Display: ShaderCodeLibraryPakFileMountedCallback: PakFile 'C:/Program Files/Epic Games/UE_4.27/FeaturePacks/TP_2DSideScrollerBP.upack' (chunk index -1, root 'root:/') mounted
[2022.05.21-02.06.20:472][  0]LogShaderLibrary: Display: ShaderCodeLibraryPakFileMountedCallback: pending pak file info (ChunkID:-1 Root:root:/ File:C:/Program Files/Epic Games/UE_4.27/FeaturePacks/TP_2DSideScrollerBP.upack)
[2022.05.21-02.06.20:472][  0]LogPakFile: OnPakFileMounted2Time == 0.000022
[2022.05.21-02.06.20:472][  0]LogPakFile: PakFile PrimaryIndexSize=182
[2022.05.21-02.06.20:472][  0]LogPakFile: PakFile PathHashIndexSize=101
[2022.05.21-02.06.20:472][  0]LogPakFile: PakFile FullDirectoryIndexSize=138
[2022.05.21-02.06.20:472][  0]LogShaderLibrary: Display: ShaderCodeLibraryPakFileMountedCallback: PakFile 'C:/Program Files/Epic Games/UE_4.27/FeaturePacks/TP_Flying.upack' (chunk index -1, root 'root:/') mounted
[2022.05.21-02.06.20:472][  0]LogShaderLibrary: Display: ShaderCodeLibraryPakFileMountedCallback: pending pak file info (ChunkID:-1 Root:root:/ File:C:/Program Files/Epic Games/UE_4.27/FeaturePacks/TP_Flying.upack)
[2022.05.21-02.06.20:472][  0]LogPakFile: OnPakFileMounted2Time == 0.000024
[2022.05.21-02.06.20:473][  0]LogPakFile: PakFile PrimaryIndexSize=184
[2022.05.21-02.06.20:473][  0]LogPakFile: PakFile PathHashIndexSize=101
[2022.05.21-02.06.20:473][  0]LogPakFile: PakFile FullDirectoryIndexSize=142
[2022.05.21-02.06.20:473][  0]LogShaderLibrary: Display: ShaderCodeLibraryPakFileMountedCallback: PakFile 'C:/Program Files/Epic Games/UE_4.27/FeaturePacks/TP_FlyingBP.upack' (chunk index -1, root 'root:/') mounted
[2022.05.21-02.06.20:473][  0]LogShaderLibrary: Display: ShaderCodeLibraryPakFileMountedCallback: pending pak file info (ChunkID:-1 Root:root:/ File:C:/Program Files/Epic Games/UE_4.27/FeaturePacks/TP_FlyingBP.upack)
[2022.05.21-02.06.20:473][  0]LogPakFile: OnPakFileMounted2Time == 0.000021
[2022.05.21-02.06.20:473][  0]LogPakFile: PakFile PrimaryIndexSize=188
[2022.05.21-02.06.20:473][  0]LogPakFile: PakFile PathHashIndexSize=101
[2022.05.21-02.06.20:473][  0]LogPakFile: PakFile FullDirectoryIndexSize=150
[2022.05.21-02.06.20:473][  0]LogShaderLibrary: Display: ShaderCodeLibraryPakFileMountedCallback: PakFile 'C:/Program Files/Epic Games/UE_4.27/FeaturePacks/TP_HandheldARBP.upack' (chunk index -1, root 'root:/') mounted
[2022.05.21-02.06.20:473][  0]LogShaderLibrary: Display: ShaderCodeLibraryPakFileMountedCallback: pending pak file info (ChunkID:-1 Root:root:/ File:C:/Program Files/Epic Games/UE_4.27/FeaturePacks/TP_HandheldARBP.upack)
[2022.05.21-02.06.20:473][  0]LogPakFile: OnPakFileMounted2Time == 0.000021
[2022.05.21-02.06.20:474][  0]LogPakFile: PakFile PrimaryIndexSize=182
[2022.05.21-02.06.20:474][  0]LogPakFile: PakFile PathHashIndexSize=101
[2022.05.21-02.06.20:474][  0]LogPakFile: PakFile FullDirectoryIndexSize=138
[2022.05.21-02.06.20:474][  0]LogShaderLibrary: Display: ShaderCodeLibraryPakFileMountedCallback: PakFile 'C:/Program Files/Epic Games/UE_4.27/FeaturePacks/TP_Puzzle.upack' (chunk index -1, root 'root:/') mounted
[2022.05.21-02.06.20:474][  0]LogShaderLibrary: Display: ShaderCodeLibraryPakFileMountedCallback: pending pak file info (ChunkID:-1 Root:root:/ File:C:/Program Files/Epic Games/UE_4.27/FeaturePacks/TP_Puzzle.upack)
[2022.05.21-02.06.20:474][  0]LogPakFile: OnPakFileMounted2Time == 0.000022
[2022.05.21-02.06.20:474][  0]LogPakFile: PakFile PrimaryIndexSize=184
[2022.05.21-02.06.20:474][  0]LogPakFile: PakFile PathHashIndexSize=101
[2022.05.21-02.06.20:474][  0]LogPakFile: PakFile FullDirectoryIndexSize=142
[2022.05.21-02.06.20:474][  0]LogShaderLibrary: Display: ShaderCodeLibraryPakFileMountedCallback: PakFile 'C:/Program Files/Epic Games/UE_4.27/FeaturePacks/TP_PuzzleBP.upack' (chunk index -1, root 'root:/') mounted
[2022.05.21-02.06.20:474][  0]LogShaderLibrary: Display: ShaderCodeLibraryPakFileMountedCallback: pending pak file info (ChunkID:-1 Root:root:/ File:C:/Program Files/Epic Games/UE_4.27/FeaturePacks/TP_PuzzleBP.upack)
[2022.05.21-02.06.20:474][  0]LogPakFile: OnPakFileMounted2Time == 0.000021
[2022.05.21-02.06.20:474][  0]LogPakFile: PakFile PrimaryIndexSize=183
[2022.05.21-02.06.20:474][  0]LogPakFile: PakFile PathHashIndexSize=101
[2022.05.21-02.06.20:474][  0]LogPakFile: PakFile FullDirectoryIndexSize=140
[2022.05.21-02.06.20:474][  0]LogShaderLibrary: Display: ShaderCodeLibraryPakFileMountedCallback: PakFile 'C:/Program Files/Epic Games/UE_4.27/FeaturePacks/TP_Rolling.upack' (chunk index -1, root 'root:/') mounted
[2022.05.21-02.06.20:474][  0]LogShaderLibrary: Display: ShaderCodeLibraryPakFileMountedCallback: pending pak file info (ChunkID:-1 Root:root:/ File:C:/Program Files/Epic Games/UE_4.27/FeaturePacks/TP_Rolling.upack)
[2022.05.21-02.06.20:474][  0]LogPakFile: OnPakFileMounted2Time == 0.000024
[2022.05.21-02.06.20:475][  0]LogPakFile: PakFile PrimaryIndexSize=185
[2022.05.21-02.06.20:475][  0]LogPakFile: PakFile PathHashIndexSize=101
[2022.05.21-02.06.20:475][  0]LogPakFile: PakFile FullDirectoryIndexSize=144
[2022.05.21-02.06.20:475][  0]LogShaderLibrary: Display: ShaderCodeLibraryPakFileMountedCallback: PakFile 'C:/Program Files/Epic Games/UE_4.27/FeaturePacks/TP_RollingBP.upack' (chunk index -1, root 'root:/') mounted
[2022.05.21-02.06.20:475][  0]LogShaderLibrary: Display: ShaderCodeLibraryPakFileMountedCallback: pending pak file info (ChunkID:-1 Root:root:/ File:C:/Program Files/Epic Games/UE_4.27/FeaturePacks/TP_RollingBP.upack)
[2022.05.21-02.06.20:475][  0]LogPakFile: OnPakFileMounted2Time == 0.000022
[2022.05.21-02.06.20:475][  0]LogPakFile: PakFile PrimaryIndexSize=188
[2022.05.21-02.06.20:475][  0]LogPakFile: PakFile PathHashIndexSize=101
[2022.05.21-02.06.20:475][  0]LogPakFile: PakFile FullDirectoryIndexSize=150
[2022.05.21-02.06.20:475][  0]LogShaderLibrary: Display: ShaderCodeLibraryPakFileMountedCallback: PakFile 'C:/Program Files/Epic Games/UE_4.27/FeaturePacks/TP_SideScroller.upack' (chunk index -1, root 'root:/') mounted
[2022.05.21-02.06.20:475][  0]LogShaderLibrary: Display: ShaderCodeLibraryPakFileMountedCallback: pending pak file info (ChunkID:-1 Root:root:/ File:C:/Program Files/Epic Games/UE_4.27/FeaturePacks/TP_SideScroller.upack)
[2022.05.21-02.06.20:475][  0]LogPakFile: OnPakFileMounted2Time == 0.000022
[2022.05.21-02.06.20:476][  0]LogPakFile: PakFile PrimaryIndexSize=190
[2022.05.21-02.06.20:476][  0]LogPakFile: PakFile PathHashIndexSize=101
[2022.05.21-02.06.20:476][  0]LogPakFile: PakFile FullDirectoryIndexSize=154
[2022.05.21-02.06.20:476][  0]LogShaderLibrary: Display: ShaderCodeLibraryPakFileMountedCallback: PakFile 'C:/Program Files/Epic Games/UE_4.27/FeaturePacks/TP_SideScrollerBP.upack' (chunk index -1, root 'root:/') mounted
[2022.05.21-02.06.20:476][  0]LogShaderLibrary: Display: ShaderCodeLibraryPakFileMountedCallback: pending pak file info (ChunkID:-1 Root:root:/ File:C:/Program Files/Epic Games/UE_4.27/FeaturePacks/TP_SideScrollerBP.upack)
[2022.05.21-02.06.20:476][  0]LogPakFile: OnPakFileMounted2Time == 0.000022
[2022.05.21-02.06.20:476][  0]LogPakFile: PakFile PrimaryIndexSize=187
[2022.05.21-02.06.20:476][  0]LogPakFile: PakFile PathHashIndexSize=101
[2022.05.21-02.06.20:476][  0]LogPakFile: PakFile FullDirectoryIndexSize=148
[2022.05.21-02.06.20:476][  0]LogShaderLibrary: Display: ShaderCodeLibraryPakFileMountedCallback: PakFile 'C:/Program Files/Epic Games/UE_4.27/FeaturePacks/TP_ThirdPerson.upack' (chunk index -1, root 'root:/') mounted
[2022.05.21-02.06.20:476][  0]LogShaderLibrary: Display: ShaderCodeLibraryPakFileMountedCallback: pending pak file info (ChunkID:-1 Root:root:/ File:C:/Program Files/Epic Games/UE_4.27/FeaturePacks/TP_ThirdPerson.upack)
[2022.05.21-02.06.20:476][  0]LogPakFile: OnPakFileMounted2Time == 0.000021
[2022.05.21-02.06.20:477][  0]LogPakFile: PakFile PrimaryIndexSize=189
[2022.05.21-02.06.20:477][  0]LogPakFile: PakFile PathHashIndexSize=101
[2022.05.21-02.06.20:477][  0]LogPakFile: PakFile FullDirectoryIndexSize=152
[2022.05.21-02.06.20:477][  0]LogShaderLibrary: Display: ShaderCodeLibraryPakFileMountedCallback: PakFile 'C:/Program Files/Epic Games/UE_4.27/FeaturePacks/TP_ThirdPersonBP.upack' (chunk index -1, root 'root:/') mounted
[2022.05.21-02.06.20:477][  0]LogShaderLibrary: Display: ShaderCodeLibraryPakFileMountedCallback: pending pak file info (ChunkID:-1 Root:root:/ File:C:/Program Files/Epic Games/UE_4.27/FeaturePacks/TP_ThirdPersonBP.upack)
[2022.05.21-02.06.20:477][  0]LogPakFile: OnPakFileMounted2Time == 0.000021
[2022.05.21-02.06.20:477][  0]LogPakFile: PakFile PrimaryIndexSize=183
[2022.05.21-02.06.20:477][  0]LogPakFile: PakFile PathHashIndexSize=101
[2022.05.21-02.06.20:477][  0]LogPakFile: PakFile FullDirectoryIndexSize=140
[2022.05.21-02.06.20:477][  0]LogShaderLibrary: Display: ShaderCodeLibraryPakFileMountedCallback: PakFile 'C:/Program Files/Epic Games/UE_4.27/FeaturePacks/TP_TopDown.upack' (chunk index -1, root 'root:/') mounted
[2022.05.21-02.06.20:477][  0]LogShaderLibrary: Display: ShaderCodeLibraryPakFileMountedCallback: pending pak file info (ChunkID:-1 Root:root:/ File:C:/Program Files/Epic Games/UE_4.27/FeaturePacks/TP_TopDown.upack)
[2022.05.21-02.06.20:477][  0]LogPakFile: OnPakFileMounted2Time == 0.000028
[2022.05.21-02.06.20:477][  0]LogPakFile: PakFile PrimaryIndexSize=185
[2022.05.21-02.06.20:477][  0]LogPakFile: PakFile PathHashIndexSize=101
[2022.05.21-02.06.20:477][  0]LogPakFile: PakFile FullDirectoryIndexSize=144
[2022.05.21-02.06.20:478][  0]LogShaderLibrary: Display: ShaderCodeLibraryPakFileMountedCallback: PakFile 'C:/Program Files/Epic Games/UE_4.27/FeaturePacks/TP_TopDownBP.upack' (chunk index -1, root 'root:/') mounted
[2022.05.21-02.06.20:478][  0]LogShaderLibrary: Display: ShaderCodeLibraryPakFileMountedCallback: pending pak file info (ChunkID:-1 Root:root:/ File:C:/Program Files/Epic Games/UE_4.27/FeaturePacks/TP_TopDownBP.upack)
[2022.05.21-02.06.20:478][  0]LogPakFile: OnPakFileMounted2Time == 0.000021
[2022.05.21-02.06.20:478][  0]LogPakFile: PakFile PrimaryIndexSize=185
[2022.05.21-02.06.20:478][  0]LogPakFile: PakFile PathHashIndexSize=101
[2022.05.21-02.06.20:478][  0]LogPakFile: PakFile FullDirectoryIndexSize=144
[2022.05.21-02.06.20:478][  0]LogShaderLibrary: Display: ShaderCodeLibraryPakFileMountedCallback: PakFile 'C:/Program Files/Epic Games/UE_4.27/FeaturePacks/TP_TwinStick.upack' (chunk index -1, root 'root:/') mounted
[2022.05.21-02.06.20:478][  0]LogShaderLibrary: Display: ShaderCodeLibraryPakFileMountedCallback: pending pak file info (ChunkID:-1 Root:root:/ File:C:/Program Files/Epic Games/UE_4.27/FeaturePacks/TP_TwinStick.upack)
[2022.05.21-02.06.20:478][  0]LogPakFile: OnPakFileMounted2Time == 0.000022
[2022.05.21-02.06.20:478][  0]LogPakFile: PakFile PrimaryIndexSize=187
[2022.05.21-02.06.20:478][  0]LogPakFile: PakFile PathHashIndexSize=101
[2022.05.21-02.06.20:478][  0]LogPakFile: PakFile FullDirectoryIndexSize=148
[2022.05.21-02.06.20:478][  0]LogShaderLibrary: Display: ShaderCodeLibraryPakFileMountedCallback: PakFile 'C:/Program Files/Epic Games/UE_4.27/FeaturePacks/TP_TwinStickBP.upack' (chunk index -1, root 'root:/') mounted
[2022.05.21-02.06.20:478][  0]LogShaderLibrary: Display: ShaderCodeLibraryPakFileMountedCallback: pending pak file info (ChunkID:-1 Root:root:/ File:C:/Program Files/Epic Games/UE_4.27/FeaturePacks/TP_TwinStickBP.upack)
[2022.05.21-02.06.20:478][  0]LogPakFile: OnPakFileMounted2Time == 0.000021
[2022.05.21-02.06.20:479][  0]LogPakFile: PakFile PrimaryIndexSize=183
[2022.05.21-02.06.20:479][  0]LogPakFile: PakFile PathHashIndexSize=101
[2022.05.21-02.06.20:479][  0]LogPakFile: PakFile FullDirectoryIndexSize=140
[2022.05.21-02.06.20:479][  0]LogShaderLibrary: Display: ShaderCodeLibraryPakFileMountedCallback: PakFile 'C:/Program Files/Epic Games/UE_4.27/FeaturePacks/TP_Vehicle.upack' (chunk index -1, root 'root:/') mounted
[2022.05.21-02.06.20:479][  0]LogShaderLibrary: Display: ShaderCodeLibraryPakFileMountedCallback: pending pak file info (ChunkID:-1 Root:root:/ File:C:/Program Files/Epic Games/UE_4.27/FeaturePacks/TP_Vehicle.upack)
[2022.05.21-02.06.20:479][  0]LogPakFile: OnPakFileMounted2Time == 0.000025
[2022.05.21-02.06.20:479][  0]LogPakFile: PakFile PrimaryIndexSize=186
[2022.05.21-02.06.20:479][  0]LogPakFile: PakFile PathHashIndexSize=101
[2022.05.21-02.06.20:479][  0]LogPakFile: PakFile FullDirectoryIndexSize=146
[2022.05.21-02.06.20:479][  0]LogShaderLibrary: Display: ShaderCodeLibraryPakFileMountedCallback: PakFile 'C:/Program Files/Epic Games/UE_4.27/FeaturePacks/TP_VehicleAdv.upack' (chunk index -1, root 'root:/') mounted
[2022.05.21-02.06.20:479][  0]LogShaderLibrary: Display: ShaderCodeLibraryPakFileMountedCallback: pending pak file info (ChunkID:-1 Root:root:/ File:C:/Program Files/Epic Games/UE_4.27/FeaturePacks/TP_VehicleAdv.upack)
[2022.05.21-02.06.20:479][  0]LogPakFile: OnPakFileMounted2Time == 0.000022
[2022.05.21-02.06.20:480][  0]LogPakFile: PakFile PrimaryIndexSize=188
[2022.05.21-02.06.20:480][  0]LogPakFile: PakFile PathHashIndexSize=101
[2022.05.21-02.06.20:480][  0]LogPakFile: PakFile FullDirectoryIndexSize=150
[2022.05.21-02.06.20:480][  0]LogShaderLibrary: Display: ShaderCodeLibraryPakFileMountedCallback: PakFile 'C:/Program Files/Epic Games/UE_4.27/FeaturePacks/TP_VehicleAdvBP.upack' (chunk index -1, root 'root:/') mounted
[2022.05.21-02.06.20:480][  0]LogShaderLibrary: Display: ShaderCodeLibraryPakFileMountedCallback: pending pak file info (ChunkID:-1 Root:root:/ File:C:/Program Files/Epic Games/UE_4.27/FeaturePacks/TP_VehicleAdvBP.upack)
[2022.05.21-02.06.20:480][  0]LogPakFile: OnPakFileMounted2Time == 0.000021
[2022.05.21-02.06.20:480][  0]LogPakFile: PakFile PrimaryIndexSize=185
[2022.05.21-02.06.20:480][  0]LogPakFile: PakFile PathHashIndexSize=101
[2022.05.21-02.06.20:480][  0]LogPakFile: PakFile FullDirectoryIndexSize=144
[2022.05.21-02.06.20:480][  0]LogShaderLibrary: Display: ShaderCodeLibraryPakFileMountedCallback: PakFile 'C:/Program Files/Epic Games/UE_4.27/FeaturePacks/TP_VehicleBP.upack' (chunk index -1, root 'root:/') mounted
[2022.05.21-02.06.20:480][  0]LogShaderLibrary: Display: ShaderCodeLibraryPakFileMountedCallback: pending pak file info (ChunkID:-1 Root:root:/ File:C:/Program Files/Epic Games/UE_4.27/FeaturePacks/TP_VehicleBP.upack)
[2022.05.21-02.06.20:480][  0]LogPakFile: OnPakFileMounted2Time == 0.000023
[2022.05.21-02.06.20:480][  0]LogPakFile: PakFile PrimaryIndexSize=192
[2022.05.21-02.06.20:480][  0]LogPakFile: PakFile PathHashIndexSize=101
[2022.05.21-02.06.20:480][  0]LogPakFile: PakFile FullDirectoryIndexSize=158
[2022.05.21-02.06.20:480][  0]LogShaderLibrary: Display: ShaderCodeLibraryPakFileMountedCallback: PakFile 'C:/Program Files/Epic Games/UE_4.27/FeaturePacks/TP_VirtualRealityBP.upack' (chunk index -1, root 'root:/') mounted
[2022.05.21-02.06.20:480][  0]LogShaderLibrary: Display: ShaderCodeLibraryPakFileMountedCallback: pending pak file info (ChunkID:-1 Root:root:/ File:C:/Program Files/Epic Games/UE_4.27/FeaturePacks/TP_VirtualRealityBP.upack)
[2022.05.21-02.06.20:480][  0]LogPakFile: OnPakFileMounted2Time == 0.000022
[2022.05.21-02.06.20:527][  0]LogNativeClassHierarchy: Verbose: Native class hierarchy updated for 'AddContentDialog' in 0.0002 seconds. Added 0 classes and 0 folders.
[2022.05.21-02.06.20:527][  0]LogNativeClassHierarchy: Verbose: Native class hierarchy updated for 'SceneOutliner' in 0.0002 seconds. Added 2 classes and 0 folders.
[2022.05.21-02.06.20:550][  0]LogSlate: Took 0.000158 seconds to synchronously load lazily loaded font '../../../Engine/Content/Slate/Fonts/Roboto-Regular.ttf' (155K)
[2022.05.21-02.06.20:550][  0]LogSlate: Took 0.000101 seconds to synchronously load lazily loaded font '../../../Engine/Content/Editor/Slate/Fonts/FontAwesome.ttf' (139K)
[2022.05.21-02.06.20:551][  0]LogSlate: Took 0.000090 seconds to synchronously load lazily loaded font '../../../Engine/Content/Slate/Fonts/Roboto-Bold.ttf' (160K)
[2022.05.21-02.06.20:618][  0]LogRenderer: Reallocating scene render targets to support 1208x568 Format 10 NumSamples 1 (Frame:1).
[2022.05.21-02.06.20:690][  0]LogNativeClassHierarchy: Verbose: Native class hierarchy updated for 'HierarchicalLODOutliner' in 0.0002 seconds. Added 0 classes and 0 folders.
[2022.05.21-02.06.20:690][  0]LogInput: Warning: Action Jump uses invalid key OculusGo_Left_Trigger_Click.
[2022.05.21-02.06.20:690][  0]LogInput: Warning: Action ResetVR uses invalid key OculusGo_Left_Trackpad_Click.
[2022.05.21-02.06.20:690][  0]LogInput: Warning: Use -RemoveInvalidKeys to remove instances of these keys from the action mapping.
[2022.05.21-02.06.20:690][  0]LogLoad: (Engine Initialization) Total time: 6.47 seconds
[2022.05.21-02.06.20:690][  0]LogLoad: (Engine Initialization) Total Blueprint compile time: 0.00 seconds
[2022.05.21-02.06.20:728][  0]LogAssetRegistry: Asset discovery search completed in 3.4037 seconds
[2022.05.21-02.06.20:732][  0]LogCollectionManager: Fixed up redirectors for 0 collections in 0.000003 seconds (updated 0 objects)
[2022.05.21-02.06.20:732][  0]LogContentStreaming: Texture pool size now 1000 MB
[2022.05.21-02.06.21:380][  2]LogSlate: Took 0.000141 seconds to synchronously load lazily loaded font '../../../Engine/Content/Slate/Fonts/Roboto-Light.ttf' (167K)
[2022.05.21-02.06.41:938][349]LogTemp: Repeating last play command: Selected Viewport
[2022.05.21-02.06.41:943][349]LogPlayLevel: PlayLevel: No blueprints needed recompiling
[2022.05.21-02.06.41:943][349]PIE: New page: PIE session: ThirdPersonExampleMap (May 20, 2022, 12:06:41 PM)
[2022.05.21-02.06.41:944][349]LogOnline: OSS: Creating online subsystem instance for: NULL
[2022.05.21-02.06.41:945][349]LogOnline: OSS: TryLoadSubsystemAndSetDefault: Loaded subsystem for module [NULL]
[2022.05.21-02.06.41:945][349]LogPlayLevel: Creating play world package: /Game/ThirdPersonBP/Maps/UEDPIE_0_ThirdPersonExampleMap
[2022.05.21-02.06.41:953][349]LogPlayLevel: PIE: StaticDuplicateObject took: (0.007605s)
[2022.05.21-02.06.41:954][349]LogAIModule: Creating AISystem for world ThirdPersonExampleMap
[2022.05.21-02.06.41:954][349]LogPlayLevel: PIE: World Init took: (0.001084s)
[2022.05.21-02.06.41:954][349]LogPlayLevel: PIE: Created PIE world by copying editor world from /Game/ThirdPersonBP/Maps/ThirdPersonExampleMap.ThirdPersonExampleMap to /Game/ThirdPersonBP/Maps/UEDPIE_0_ThirdPersonExampleMap.ThirdPersonExampleMap (0.008830s)
[2022.05.21-02.06.41:959][349]LogUObjectHash: Compacting FUObjectHashTables data took   0.73ms
[2022.05.21-02.06.41:960][349]LogAudio: Display: Creating Audio Device:                 Id: 2, Scope: Unique, Realtime: True
[2022.05.21-02.06.41:960][349]LogAudioMixer: Display: Audio Mixer Platform Settings:
[2022.05.21-02.06.41:960][349]LogAudioMixer: Display: 	Sample Rate:						  48000
[2022.05.21-02.06.41:960][349]LogAudioMixer: Display: 	Callback Buffer Frame Size Requested: 1024
[2022.05.21-02.06.41:960][349]LogAudioMixer: Display: 	Callback Buffer Frame Size To Use:	  1024
[2022.05.21-02.06.41:960][349]LogAudioMixer: Display: 	Number of buffers to queue:			  2
[2022.05.21-02.06.41:960][349]LogAudioMixer: Display: 	Max Channels (voices):				  32
[2022.05.21-02.06.41:960][349]LogAudioMixer: Display: 	Number of Async Source Workers:		  0
[2022.05.21-02.06.41:960][349]LogAudio: Display: AudioDevice MaxSources: 32
[2022.05.21-02.06.41:960][349]LogAudio: Display: Audio Spatialization Plugin: None (built-in).
[2022.05.21-02.06.41:961][349]LogAudio: Display: Audio Reverb Plugin: None (built-in).
[2022.05.21-02.06.41:961][349]LogAudio: Display: Audio Occlusion Plugin: None (built-in).
[2022.05.21-02.06.41:961][349]LogAudioMixer: Display: Initializing audio mixer.
[2022.05.21-02.06.41:964][349]LogAudioMixer: Display: 0: FrontLeft
[2022.05.21-02.06.41:964][349]LogAudioMixer: Display: 1: FrontRight
[2022.05.21-02.06.41:969][349]LogAudioMixer: Display: Using Audio Device Headphones (Galaxy Buds2 (8572))
[2022.05.21-02.06.41:969][349]LogAudioMixer: Display: Initializing Sound Submixes...
[2022.05.21-02.06.41:969][349]LogAudioMixer: Display: Creating Master Submix 'MasterSubmixDefault'
[2022.05.21-02.06.41:969][349]LogAudioMixer: Display: Creating Master Submix 'MasterReverbSubmixDefault'
[2022.05.21-02.06.41:970][349]LogAudioMixer: Display: Creating Master Submix 'MasterEQSubmixDefault'
[2022.05.21-02.06.41:970][349]LogAudioMixer: FMixerPlatformXAudio2::StartAudioStream() called
[2022.05.21-02.06.41:970][349]LogAudioMixer: Display: Output buffers initialized: Frames=1024, Channels=2, Samples=2048
[2022.05.21-02.06.41:971][349]LogAudioMixer: Display: Starting AudioMixerPlatformInterface::RunInternal()
[2022.05.21-02.06.41:971][349]LogAudioMixer: Display: FMixerPlatformXAudio2::SubmitBuffer() called for the first time
[2022.05.21-02.06.41:971][349]LogInit: FAudioDevice initialized.
[2022.05.21-02.06.41:971][349]LogAudio: Display: Audio Device (ID: 2) registered with world 'ThirdPersonExampleMap'.
[2022.05.21-02.06.41:979][349]LogLinker: Warning: Failed to load '/Game/ThirdPersonBP/Blueprints/ThirdPersonGameMode': Can't find file.
[2022.05.21-02.06.41:979][349]LogLinker: Warning: Failed to load '/Game/ThirdPersonBP/Blueprints/ThirdPersonGameMode': Can't find file.
[2022.05.21-02.06.41:979][349]LogUObjectGlobals: Warning: Failed to find object 'Class /Game/ThirdPersonBP/Blueprints/ThirdPersonGameMode.ThirdPersonGameMode_C'
[2022.05.21-02.06.41:979][349]LogLoad: Game class is 'GameModeBase'
[2022.05.21-02.06.41:980][349]LogWorld: Bringing World /Game/ThirdPersonBP/Maps/UEDPIE_0_ThirdPersonExampleMap.ThirdPersonExampleMap up for play (max tick rate 0) at 2022.05.20-19.06.41
[2022.05.21-02.06.41:980][349]LogWorld: Bringing up level for play took: 0.000524
[2022.05.21-02.06.41:980][349]LogOnline: OSS: Creating online subsystem instance for: :Context_8
[2022.05.21-02.06.41:982][349]LogNativeClassHierarchy: Verbose: Native class hierarchy updated for 'MovieSceneCapture' in 0.0003 seconds. Added 20 classes and 0 folders.
[2022.05.21-02.06.42:008][349]PIE: Server logged in
[2022.05.21-02.06.42:009][349]PIE: Play in editor total start time 0.068 seconds.
[2022.05.21-02.06.44:340][608]LogSlate: Updating window title bar state: overlay mode, drag disabled, window buttons hidden, title bar hidden
[2022.05.21-02.06.44:340][608]LogWorld: BeginTearingDown for /Game/ThirdPersonBP/Maps/UEDPIE_0_ThirdPersonExampleMap
[2022.05.21-02.06.44:340][608]LogWorld: UWorld::CleanupWorld for ThirdPersonExampleMap, bSessionEnded=true, bCleanupResources=true
[2022.05.21-02.06.44:341][608]LogSlate: InvalidateAllWidgets triggered.  All widgets were invalidated
[2022.05.21-02.06.44:345][608]LogPlayLevel: Display: Shutting down PIE online subsystems
[2022.05.21-02.06.44:346][608]LogSlate: InvalidateAllWidgets triggered.  All widgets were invalidated
[2022.05.21-02.06.44:350][608]LogAudio: Display: Audio Device unregistered from world 'None'.
[2022.05.21-02.06.44:350][608]LogAudioMixer: FMixerPlatformXAudio2::StopAudioStream() called
[2022.05.21-02.06.44:350][608]LogAudioMixer: FMixerPlatformXAudio2::StopAudioStream() called
[2022.05.21-02.06.44:352][608]LogSlate: Updating window title bar state: overlay mode, drag disabled, window buttons hidden, title bar hidden
[2022.05.21-02.06.44:353][608]LogUObjectHash: Compacting FUObjectHashTables data took   0.56ms
[2022.05.21-02.06.44:407][614]LogPlayLevel: Display: Destroying online subsystem :Context_8
[2022.05.21-02.08.10:061][750]LogSlate: Window 'Source Control Login' being destroyed
[2022.05.21-02.08.43:008][336]LogSlate: Took 0.000158 seconds to synchronously load lazily loaded font '../../../Engine/Content/Slate/Fonts/Roboto-Italic.ttf' (157K)
[2022.05.21-02.10.08:010][645]SourceControl: Source control is disabled
[2022.05.21-02.10.09:257][792]LogSlate: Window 'Source Control Login' being destroyed
[2022.05.21-02.10.16:209][582]LogSlate: Window 'Source Control Login' being destroyed
